!SESSION 2018-06-22 19:05:13.009 -----------------------------------------------
eclipse.buildId=4.5.2.M20160212-1500
java.version=1.8.0_74
java.vendor=Oracle Corporation
BootLoader constants: OS=win32, ARCH=x86_64, WS=win32, NL=ja_JP
Framework arguments:  -product org.eclipse.epp.package.jee.product
Command-line arguments:  -os win32 -ws win32 -arch x86_64 -product org.eclipse.epp.package.jee.product

!ENTRY org.eclipse.ui 4 0 2018-06-22 19:05:51.087
!MESSAGE 未処理のイベント・ループ例外
!STACK 0
org.eclipse.swt.SWTException: Failed to execute runnable (java.lang.NoSuchMethodError: org.eclipse.ui.internal.registry.FileEditorMapping.setDefaultEditor(Lorg/eclipse/ui/internal/registry/EditorDescriptor;)V)
	at org.eclipse.swt.SWT.error(SWT.java:4491)
	at org.eclipse.swt.SWT.error(SWT.java:4406)
	at org.eclipse.swt.widgets.Synchronizer.runAsyncMessages(Synchronizer.java:138)
	at org.eclipse.swt.widgets.Display.runAsyncMessages(Display.java:4155)
	at org.eclipse.swt.widgets.Display.readAndDispatch(Display.java:3772)
	at org.eclipse.e4.ui.internal.workbench.swt.PartRenderingEngine$4.run(PartRenderingEngine.java:1127)
	at org.eclipse.core.databinding.observable.Realm.runWithDefault(Realm.java:337)
	at org.eclipse.e4.ui.internal.workbench.swt.PartRenderingEngine.run(PartRenderingEngine.java:1018)
	at org.eclipse.e4.ui.internal.workbench.E4Workbench.createAndRunUI(E4Workbench.java:156)
	at org.eclipse.ui.internal.Workbench$5.run(Workbench.java:694)
	at org.eclipse.core.databinding.observable.Realm.runWithDefault(Realm.java:337)
	at org.eclipse.ui.internal.Workbench.createAndRunWorkbench(Workbench.java:606)
	at org.eclipse.ui.PlatformUI.createAndRunWorkbench(PlatformUI.java:150)
	at org.eclipse.ui.internal.ide.application.IDEApplication.start(IDEApplication.java:139)
	at org.eclipse.equinox.internal.app.EclipseAppHandle.run(EclipseAppHandle.java:196)
	at org.eclipse.core.runtime.internal.adaptor.EclipseAppLauncher.runApplication(EclipseAppLauncher.java:134)
	at org.eclipse.core.runtime.internal.adaptor.EclipseAppLauncher.start(EclipseAppLauncher.java:104)
	at org.eclipse.core.runtime.adaptor.EclipseStarter.run(EclipseStarter.java:380)
	at org.eclipse.core.runtime.adaptor.EclipseStarter.run(EclipseStarter.java:235)
	at sun.reflect.NativeMethodAccessorImpl.invoke0(Native Method)
	at sun.reflect.NativeMethodAccessorImpl.invoke(NativeMethodAccessorImpl.java:62)
	at sun.reflect.DelegatingMethodAccessorImpl.invoke(DelegatingMethodAccessorImpl.java:43)
	at java.lang.reflect.Method.invoke(Method.java:498)
	at org.eclipse.equinox.launcher.Main.invokeFramework(Main.java:669)
	at org.eclipse.equinox.launcher.Main.basicRun(Main.java:608)
	at org.eclipse.equinox.launcher.Main.run(Main.java:1515)
Caused by: java.lang.NoSuchMethodError: org.eclipse.ui.internal.registry.FileEditorMapping.setDefaultEditor(Lorg/eclipse/ui/internal/registry/EditorDescriptor;)V
	at org.sf.feeling.decompiler.Startup$SetupClassFileAssociationRunnable.run(Startup.java:81)
	at org.eclipse.ui.internal.UILockListener.doPendingWork(UILockListener.java:162)
	at org.eclipse.ui.internal.UISynchronizer$3.run(UISynchronizer.java:154)
	at org.eclipse.swt.widgets.RunnableLock.run(RunnableLock.java:35)
	at org.eclipse.swt.widgets.Synchronizer.runAsyncMessages(Synchronizer.java:135)
	... 23 more

!ENTRY org.eclipse.jface 2 0 2018-06-22 19:07:21.389
!MESSAGE キーバインドの競合が発生しました。 通常のアクセラレーター操作を妨げる可能性があります。
!SUBENTRY 1 org.eclipse.jface 2 0 2018-06-22 19:07:21.389
!MESSAGE ALT+CTRL+SPACE の競合が発生しました:
Binding(ALT+CTRL+SPACE,
	ParameterizedCommand(Command(org.eclipse.recommenders.snipmatch.rcp.commands.completion,Snipmatch スニペット・コンプリート,
		Open a dialog to search for and insert code snippets,
		Category(org.eclipse.jdt.ui.category.source,ソース,Java ソース・アクション,true),
		org.eclipse.ui.internal.WorkbenchHandlerServiceHandler@4a2f4bfa,
		,,true),null),
	org.eclipse.ui.defaultAcceleratorConfiguration,
	org.eclipse.ui.textEditorScope,,,system)
Binding(ALT+CTRL+SPACE,
	ParameterizedCommand(Command(AnyEdit.CnvrtTabToSpaces.command,タブをスペースに,
		,
		Category(AnyEdit.category,AnyEdit ツール,AnyEdit ツール・キー・バインド,true),
		org.eclipse.ui.internal.WorkbenchHandlerServiceHandler@17f83573,
		,,true),null),
	org.eclipse.ui.defaultAcceleratorConfiguration,
	org.eclipse.ui.textEditorScope,,,system)

!ENTRY org.eclipse.jface.text 2 0 2018-06-22 19:19:37.044
!MESSAGE 
!STACK 0
java.lang.NullPointerException
	at org.eclipse.jdt.internal.ui.text.java.ProposalInfo.extractJavadoc(ProposalInfo.java:90)
	at org.eclipse.jdt.internal.ui.text.java.ProposalInfo.computeInfo(ProposalInfo.java:75)
	at org.eclipse.jdt.internal.ui.text.java.ProposalInfo.getInfo(ProposalInfo.java:60)
	at org.eclipse.jdt.internal.ui.text.java.AbstractJavaCompletionProposal.getAdditionalProposalInfo(AbstractJavaCompletionProposal.java:582)
	at org.eclipse.jface.text.contentassist.AdditionalInfoController$3.run(AdditionalInfoController.java:106)
	at org.eclipse.core.internal.jobs.Worker.run(Worker.java:55)

!ENTRY org.eclipse.jface.text 2 0 2018-06-22 19:34:37.911
!MESSAGE 
!STACK 0
java.lang.NullPointerException
	at org.eclipse.jdt.internal.ui.text.java.ProposalInfo.extractJavadoc(ProposalInfo.java:90)
	at org.eclipse.jdt.internal.ui.text.java.ProposalInfo.computeInfo(ProposalInfo.java:75)
	at org.eclipse.jdt.internal.ui.text.java.ProposalInfo.getInfo(ProposalInfo.java:60)
	at org.eclipse.jdt.internal.ui.text.java.AbstractJavaCompletionProposal.getAdditionalProposalInfo(AbstractJavaCompletionProposal.java:582)
	at org.eclipse.jface.text.contentassist.AdditionalInfoController$3.run(AdditionalInfoController.java:106)
	at org.eclipse.core.internal.jobs.Worker.run(Worker.java:55)

!ENTRY org.eclipse.jface.text 2 0 2018-06-22 19:40:46.785
!MESSAGE 
!STACK 0
java.lang.NullPointerException
	at org.eclipse.jdt.internal.ui.text.java.ProposalInfo.extractJavadoc(ProposalInfo.java:90)
	at org.eclipse.jdt.internal.ui.text.java.ProposalInfo.computeInfo(ProposalInfo.java:75)
	at org.eclipse.jdt.internal.ui.text.java.ProposalInfo.getInfo(ProposalInfo.java:60)
	at org.eclipse.jdt.internal.ui.text.java.AbstractJavaCompletionProposal.getAdditionalProposalInfo(AbstractJavaCompletionProposal.java:582)
	at org.eclipse.jface.text.contentassist.AdditionalInfoController$3.run(AdditionalInfoController.java:106)
	at org.eclipse.core.internal.jobs.Worker.run(Worker.java:55)

!ENTRY org.eclipse.jface.text 2 0 2018-06-22 19:40:59.715
!MESSAGE 
!STACK 0
java.lang.NullPointerException
	at org.eclipse.jdt.internal.ui.text.java.ProposalInfo.extractJavadoc(ProposalInfo.java:90)
	at org.eclipse.jdt.internal.ui.text.java.ProposalInfo.computeInfo(ProposalInfo.java:75)
	at org.eclipse.jdt.internal.ui.text.java.ProposalInfo.getInfo(ProposalInfo.java:60)
	at org.eclipse.jdt.internal.ui.text.java.AbstractJavaCompletionProposal.getAdditionalProposalInfo(AbstractJavaCompletionProposal.java:582)
	at org.eclipse.jface.text.contentassist.AdditionalInfoController$3.run(AdditionalInfoController.java:106)
	at org.eclipse.core.internal.jobs.Worker.run(Worker.java:55)

!ENTRY org.eclipse.jface.text 2 0 2018-06-22 19:48:00.740
!MESSAGE 
!STACK 0
java.lang.NullPointerException
	at org.eclipse.jdt.internal.ui.text.java.ProposalInfo.extractJavadoc(ProposalInfo.java:90)
	at org.eclipse.jdt.internal.ui.text.java.ProposalInfo.computeInfo(ProposalInfo.java:75)
	at org.eclipse.jdt.internal.ui.text.java.ProposalInfo.getInfo(ProposalInfo.java:60)
	at org.eclipse.jdt.internal.ui.text.java.AbstractJavaCompletionProposal.getAdditionalProposalInfo(AbstractJavaCompletionProposal.java:582)
	at org.eclipse.jface.text.contentassist.AdditionalInfoController$3.run(AdditionalInfoController.java:106)
	at org.eclipse.core.internal.jobs.Worker.run(Worker.java:55)
!SESSION 2018-06-22 20:04:58.535 -----------------------------------------------
eclipse.buildId=4.5.2.M20160212-1500
java.version=1.8.0_74
java.vendor=Oracle Corporation
BootLoader constants: OS=win32, ARCH=x86_64, WS=win32, NL=ja_JP
Framework arguments:  -product org.eclipse.epp.package.jee.product
Command-line arguments:  -os win32 -ws win32 -arch x86_64 -product org.eclipse.epp.package.jee.product

!ENTRY org.eclipse.jface 2 0 2018-06-22 20:05:10.490
!MESSAGE キーバインドの競合が発生しました。 通常のアクセラレーター操作を妨げる可能性があります。
!SUBENTRY 1 org.eclipse.jface 2 0 2018-06-22 20:05:10.490
!MESSAGE ALT+CTRL+SPACE の競合が発生しました:
Binding(ALT+CTRL+SPACE,
	ParameterizedCommand(Command(org.eclipse.recommenders.snipmatch.rcp.commands.completion,Snipmatch スニペット・コンプリート,
		Open a dialog to search for and insert code snippets,
		Category(org.eclipse.jdt.ui.category.source,ソース,Java ソース・アクション,true),
		org.eclipse.ui.internal.WorkbenchHandlerServiceHandler@5f2788f2,
		,,true),null),
	org.eclipse.ui.defaultAcceleratorConfiguration,
	org.eclipse.ui.textEditorScope,,,system)
Binding(ALT+CTRL+SPACE,
	ParameterizedCommand(Command(AnyEdit.CnvrtTabToSpaces.command,タブをスペースに,
		,
		Category(AnyEdit.category,AnyEdit ツール,AnyEdit ツール・キー・バインド,true),
		org.eclipse.ui.internal.WorkbenchHandlerServiceHandler@75f67ea7,
		,,true),null),
	org.eclipse.ui.defaultAcceleratorConfiguration,
	org.eclipse.ui.textEditorScope,,,system)

!ENTRY org.eclipse.ui 4 0 2018-06-22 20:05:11.886
!MESSAGE 未処理のイベント・ループ例外
!STACK 0
org.eclipse.swt.SWTException: Failed to execute runnable (java.lang.NoSuchMethodError: org.eclipse.ui.internal.registry.FileEditorMapping.setDefaultEditor(Lorg/eclipse/ui/internal/registry/EditorDescriptor;)V)
	at org.eclipse.swt.SWT.error(SWT.java:4491)
	at org.eclipse.swt.SWT.error(SWT.java:4406)
	at org.eclipse.swt.widgets.Synchronizer.runAsyncMessages(Synchronizer.java:138)
	at org.eclipse.swt.widgets.Display.runAsyncMessages(Display.java:4155)
	at org.eclipse.swt.widgets.Display.readAndDispatch(Display.java:3772)
	at org.eclipse.e4.ui.internal.workbench.swt.PartRenderingEngine$4.run(PartRenderingEngine.java:1127)
	at org.eclipse.core.databinding.observable.Realm.runWithDefault(Realm.java:337)
	at org.eclipse.e4.ui.internal.workbench.swt.PartRenderingEngine.run(PartRenderingEngine.java:1018)
	at org.eclipse.e4.ui.internal.workbench.E4Workbench.createAndRunUI(E4Workbench.java:156)
	at org.eclipse.ui.internal.Workbench$5.run(Workbench.java:694)
	at org.eclipse.core.databinding.observable.Realm.runWithDefault(Realm.java:337)
	at org.eclipse.ui.internal.Workbench.createAndRunWorkbench(Workbench.java:606)
	at org.eclipse.ui.PlatformUI.createAndRunWorkbench(PlatformUI.java:150)
	at org.eclipse.ui.internal.ide.application.IDEApplication.start(IDEApplication.java:139)
	at org.eclipse.equinox.internal.app.EclipseAppHandle.run(EclipseAppHandle.java:196)
	at org.eclipse.core.runtime.internal.adaptor.EclipseAppLauncher.runApplication(EclipseAppLauncher.java:134)
	at org.eclipse.core.runtime.internal.adaptor.EclipseAppLauncher.start(EclipseAppLauncher.java:104)
	at org.eclipse.core.runtime.adaptor.EclipseStarter.run(EclipseStarter.java:380)
	at org.eclipse.core.runtime.adaptor.EclipseStarter.run(EclipseStarter.java:235)
	at sun.reflect.NativeMethodAccessorImpl.invoke0(Native Method)
	at sun.reflect.NativeMethodAccessorImpl.invoke(NativeMethodAccessorImpl.java:62)
	at sun.reflect.DelegatingMethodAccessorImpl.invoke(DelegatingMethodAccessorImpl.java:43)
	at java.lang.reflect.Method.invoke(Method.java:498)
	at org.eclipse.equinox.launcher.Main.invokeFramework(Main.java:669)
	at org.eclipse.equinox.launcher.Main.basicRun(Main.java:608)
	at org.eclipse.equinox.launcher.Main.run(Main.java:1515)
Caused by: java.lang.NoSuchMethodError: org.eclipse.ui.internal.registry.FileEditorMapping.setDefaultEditor(Lorg/eclipse/ui/internal/registry/EditorDescriptor;)V
	at org.sf.feeling.decompiler.Startup$SetupClassFileAssociationRunnable.run(Startup.java:81)
	at org.eclipse.ui.internal.UILockListener.doPendingWork(UILockListener.java:162)
	at org.eclipse.ui.internal.UISynchronizer$3.run(UISynchronizer.java:154)
	at org.eclipse.swt.widgets.RunnableLock.run(RunnableLock.java:35)
	at org.eclipse.swt.widgets.Synchronizer.runAsyncMessages(Synchronizer.java:135)
	... 23 more
!SESSION 2018-06-27 18:50:31.921 -----------------------------------------------
eclipse.buildId=4.5.2.M20160212-1500
java.version=1.8.0_74
java.vendor=Oracle Corporation
BootLoader constants: OS=win32, ARCH=x86_64, WS=win32, NL=ja_JP
Framework arguments:  -product org.eclipse.epp.package.jee.product
Command-line arguments:  -os win32 -ws win32 -arch x86_64 -product org.eclipse.epp.package.jee.product

!ENTRY org.eclipse.core.resources 2 10035 2018-06-27 18:51:22.587
!MESSAGE The workspace exited with unsaved changes in the previous session; refreshing workspace to recover changes.

!ENTRY org.eclipse.ui 4 0 2018-06-27 18:51:44.285
!MESSAGE 未処理のイベント・ループ例外
!STACK 0
org.eclipse.swt.SWTException: Failed to execute runnable (java.lang.NoSuchMethodError: org.eclipse.ui.internal.registry.FileEditorMapping.setDefaultEditor(Lorg/eclipse/ui/internal/registry/EditorDescriptor;)V)
	at org.eclipse.swt.SWT.error(SWT.java:4491)
	at org.eclipse.swt.SWT.error(SWT.java:4406)
	at org.eclipse.swt.widgets.Synchronizer.runAsyncMessages(Synchronizer.java:138)
	at org.eclipse.swt.widgets.Display.runAsyncMessages(Display.java:4155)
	at org.eclipse.swt.widgets.Display.readAndDispatch(Display.java:3772)
	at org.eclipse.e4.ui.internal.workbench.swt.PartRenderingEngine$4.run(PartRenderingEngine.java:1127)
	at org.eclipse.core.databinding.observable.Realm.runWithDefault(Realm.java:337)
	at org.eclipse.e4.ui.internal.workbench.swt.PartRenderingEngine.run(PartRenderingEngine.java:1018)
	at org.eclipse.e4.ui.internal.workbench.E4Workbench.createAndRunUI(E4Workbench.java:156)
	at org.eclipse.ui.internal.Workbench$5.run(Workbench.java:694)
	at org.eclipse.core.databinding.observable.Realm.runWithDefault(Realm.java:337)
	at org.eclipse.ui.internal.Workbench.createAndRunWorkbench(Workbench.java:606)
	at org.eclipse.ui.PlatformUI.createAndRunWorkbench(PlatformUI.java:150)
	at org.eclipse.ui.internal.ide.application.IDEApplication.start(IDEApplication.java:139)
	at org.eclipse.equinox.internal.app.EclipseAppHandle.run(EclipseAppHandle.java:196)
	at org.eclipse.core.runtime.internal.adaptor.EclipseAppLauncher.runApplication(EclipseAppLauncher.java:134)
	at org.eclipse.core.runtime.internal.adaptor.EclipseAppLauncher.start(EclipseAppLauncher.java:104)
	at org.eclipse.core.runtime.adaptor.EclipseStarter.run(EclipseStarter.java:380)
	at org.eclipse.core.runtime.adaptor.EclipseStarter.run(EclipseStarter.java:235)
	at sun.reflect.NativeMethodAccessorImpl.invoke0(Native Method)
	at sun.reflect.NativeMethodAccessorImpl.invoke(NativeMethodAccessorImpl.java:62)
	at sun.reflect.DelegatingMethodAccessorImpl.invoke(DelegatingMethodAccessorImpl.java:43)
	at java.lang.reflect.Method.invoke(Method.java:498)
	at org.eclipse.equinox.launcher.Main.invokeFramework(Main.java:669)
	at org.eclipse.equinox.launcher.Main.basicRun(Main.java:608)
	at org.eclipse.equinox.launcher.Main.run(Main.java:1515)
Caused by: java.lang.NoSuchMethodError: org.eclipse.ui.internal.registry.FileEditorMapping.setDefaultEditor(Lorg/eclipse/ui/internal/registry/EditorDescriptor;)V
	at org.sf.feeling.decompiler.Startup$SetupClassFileAssociationRunnable.run(Startup.java:81)
	at org.eclipse.ui.internal.UILockListener.doPendingWork(UILockListener.java:162)
	at org.eclipse.ui.internal.UISynchronizer$3.run(UISynchronizer.java:154)
	at org.eclipse.swt.widgets.RunnableLock.run(RunnableLock.java:35)
	at org.eclipse.swt.widgets.Synchronizer.runAsyncMessages(Synchronizer.java:135)
	... 23 more

!ENTRY org.eclipse.jface 2 0 2018-06-27 18:56:21.064
!MESSAGE キーバインドの競合が発生しました。 通常のアクセラレーター操作を妨げる可能性があります。
!SUBENTRY 1 org.eclipse.jface 2 0 2018-06-27 18:56:21.065
!MESSAGE ALT+CTRL+SPACE の競合が発生しました:
Binding(ALT+CTRL+SPACE,
	ParameterizedCommand(Command(org.eclipse.recommenders.snipmatch.rcp.commands.completion,Snipmatch スニペット・コンプリート,
		Open a dialog to search for and insert code snippets,
		Category(org.eclipse.jdt.ui.category.source,ソース,Java ソース・アクション,true),
		org.eclipse.ui.internal.WorkbenchHandlerServiceHandler@3c50ba07,
		,,true),null),
	org.eclipse.ui.defaultAcceleratorConfiguration,
	org.eclipse.ui.textEditorScope,,,system)
Binding(ALT+CTRL+SPACE,
	ParameterizedCommand(Command(AnyEdit.CnvrtTabToSpaces.command,タブをスペースに,
		,
		Category(AnyEdit.category,AnyEdit ツール,AnyEdit ツール・キー・バインド,true),
		org.eclipse.ui.internal.WorkbenchHandlerServiceHandler@16c2c396,
		,,true),null),
	org.eclipse.ui.defaultAcceleratorConfiguration,
	org.eclipse.ui.textEditorScope,,,system)

!ENTRY org.eclipse.core.resources 2 2 2018-06-27 20:24:42.847
!MESSAGE 保管操作の警告。
!SUBENTRY 1 org.eclipse.core.resources 2 234 2018-06-27 20:24:42.847
!MESSAGE 'Person' のプロジェクト記述ファイル (.project) がありませんでした。 このファイルには、プロジェクトに関する重要な情報が含まれています。 新しいプロジェクト記述ファイルが作成されましたが、プロジェクトに関する情報の一部が破損している可能性があります。

!ENTRY org.eclipse.recommenders.rcp 2 23 2018-06-27 21:10:28.324
!MESSAGE Failed to parse news feed
!STACK 0
javax.net.ssl.SSLHandshakeException: sun.security.validator.ValidatorException: PKIX path building failed: sun.security.provider.certpath.SunCertPathBuilderException: unable to find valid certification path to requested target
	at sun.security.ssl.Alerts.getSSLException(Alerts.java:192)
	at sun.security.ssl.SSLSocketImpl.fatal(SSLSocketImpl.java:1949)
	at sun.security.ssl.Handshaker.fatalSE(Handshaker.java:302)
	at sun.security.ssl.Handshaker.fatalSE(Handshaker.java:296)
	at sun.security.ssl.ClientHandshaker.serverCertificate(ClientHandshaker.java:1509)
	at sun.security.ssl.ClientHandshaker.processMessage(ClientHandshaker.java:216)
	at sun.security.ssl.Handshaker.processLoop(Handshaker.java:979)
	at sun.security.ssl.Handshaker.process_record(Handshaker.java:914)
	at sun.security.ssl.SSLSocketImpl.readRecord(SSLSocketImpl.java:1062)
	at sun.security.ssl.SSLSocketImpl.performInitialHandshake(SSLSocketImpl.java:1375)
	at sun.security.ssl.SSLSocketImpl.startHandshake(SSLSocketImpl.java:1403)
	at sun.security.ssl.SSLSocketImpl.startHandshake(SSLSocketImpl.java:1387)
	at org.apache.http.conn.ssl.SSLConnectionSocketFactory.createLayeredSocket(SSLConnectionSocketFactory.java:290)
	at org.apache.http.conn.ssl.SSLConnectionSocketFactory.connectSocket(SSLConnectionSocketFactory.java:259)
	at org.apache.http.impl.conn.HttpClientConnectionOperator.connect(HttpClientConnectionOperator.java:125)
	at org.apache.http.impl.conn.PoolingHttpClientConnectionManager.connect(PoolingHttpClientConnectionManager.java:319)
	at org.apache.http.impl.execchain.MainClientExec.establishRoute(MainClientExec.java:363)
	at org.apache.http.impl.execchain.MainClientExec.execute(MainClientExec.java:219)
	at org.apache.http.impl.execchain.ProtocolExec.execute(ProtocolExec.java:195)
	at org.apache.http.impl.execchain.RetryExec.execute(RetryExec.java:86)
	at org.apache.http.impl.execchain.RedirectExec.execute(RedirectExec.java:108)
	at org.apache.http.impl.client.InternalHttpClient.doExecute(InternalHttpClient.java:184)
	at org.apache.http.impl.client.CloseableHttpClient.execute(CloseableHttpClient.java:82)
	at org.apache.http.impl.client.CloseableHttpClient.execute(CloseableHttpClient.java:57)
	at org.apache.http.client.fluent.Executor.execute(Executor.java:206)
	at org.eclipse.recommenders.internal.rcp.news.CheckForProjectNewsJob.getRSSFeed(CheckForProjectNewsJob.java:138)
	at org.eclipse.recommenders.internal.rcp.news.CheckForProjectNewsJob.doRun(CheckForProjectNewsJob.java:89)
	at org.eclipse.recommenders.internal.rcp.news.CheckForProjectNewsJob.run(CheckForProjectNewsJob.java:62)
	at org.eclipse.core.internal.jobs.Worker.run(Worker.java:55)
Caused by: sun.security.validator.ValidatorException: PKIX path building failed: sun.security.provider.certpath.SunCertPathBuilderException: unable to find valid certification path to requested target
	at sun.security.validator.PKIXValidator.doBuild(PKIXValidator.java:387)
	at sun.security.validator.PKIXValidator.engineValidate(PKIXValidator.java:292)
	at sun.security.validator.Validator.validate(Validator.java:260)
	at sun.security.ssl.X509TrustManagerImpl.validate(X509TrustManagerImpl.java:324)
	at sun.security.ssl.X509TrustManagerImpl.checkTrusted(X509TrustManagerImpl.java:229)
	at sun.security.ssl.X509TrustManagerImpl.checkServerTrusted(X509TrustManagerImpl.java:124)
	at sun.security.ssl.ClientHandshaker.serverCertificate(ClientHandshaker.java:1491)
	... 24 more
Caused by: sun.security.provider.certpath.SunCertPathBuilderException: unable to find valid certification path to requested target
	at sun.security.provider.certpath.SunCertPathBuilder.build(SunCertPathBuilder.java:141)
	at sun.security.provider.certpath.SunCertPathBuilder.engineBuild(SunCertPathBuilder.java:126)
	at java.security.cert.CertPathBuilder.build(CertPathBuilder.java:280)
	at sun.security.validator.PKIXValidator.doBuild(PKIXValidator.java:382)
	... 30 more
!SESSION 2018-06-29 19:46:42.753 -----------------------------------------------
eclipse.buildId=4.5.2.M20160212-1500
java.version=1.8.0_74
java.vendor=Oracle Corporation
BootLoader constants: OS=win32, ARCH=x86_64, WS=win32, NL=ja_JP
Framework arguments:  -product org.eclipse.epp.package.jee.product
Command-line arguments:  -os win32 -ws win32 -arch x86_64 -product org.eclipse.epp.package.jee.product

!ENTRY org.eclipse.core.resources 4 4 2018-06-29 19:47:02.076
!MESSAGE 設定のロード中に例外が発生しました: /Person/.settings/org.eclipse.jdt.core.prefs。
!STACK 1
org.eclipse.core.runtime.CoreException: ファイルが見つかりません: C:\Users\testuser\Desktop\workspace\workspace-fujii\test\Person\.settings\org.eclipse.jdt.core.prefs.
	at org.eclipse.core.internal.filesystem.Policy.error(Policy.java:49)
	at org.eclipse.core.internal.filesystem.local.LocalFile.openInputStream(LocalFile.java:391)
	at org.eclipse.core.internal.localstore.FileSystemResourceManager.read(FileSystemResourceManager.java:834)
	at org.eclipse.core.internal.resources.File.getContents(File.java:269)
	at org.eclipse.core.internal.resources.ProjectPreferences.load(ProjectPreferences.java:507)
	at org.eclipse.core.internal.resources.ProjectPreferences.load(ProjectPreferences.java:492)
	at org.eclipse.core.internal.preferences.EclipsePreferences.create(EclipsePreferences.java:409)
	at org.eclipse.core.internal.preferences.EclipsePreferences.getChild(EclipsePreferences.java:534)
	at org.eclipse.core.internal.preferences.EclipsePreferences.internalNode(EclipsePreferences.java:668)
	at org.eclipse.core.internal.preferences.EclipsePreferences.node(EclipsePreferences.java:812)
	at org.eclipse.core.resources.ProjectScope.getNode(ProjectScope.java:68)
	at org.eclipse.jdt.internal.core.JavaProject.getEclipsePreferences(JavaProject.java:1490)
	at org.eclipse.jdt.internal.core.JavaProject.getOption(JavaProject.java:1657)
	at org.eclipse.jdt.internal.core.DeltaProcessor.elementType(DeltaProcessor.java:1363)
	at org.eclipse.jdt.internal.core.DeltaProcessor.traverseDelta(DeltaProcessor.java:2273)
	at org.eclipse.jdt.internal.core.DeltaProcessor.processResourceDelta(DeltaProcessor.java:1886)
	at org.eclipse.jdt.internal.core.DeltaProcessor.resourceChanged(DeltaProcessor.java:2059)
	at org.eclipse.jdt.internal.core.DeltaProcessingState.resourceChanged(DeltaProcessingState.java:477)
	at org.eclipse.core.internal.events.NotificationManager$1.run(NotificationManager.java:299)
	at org.eclipse.core.runtime.SafeRunner.run(SafeRunner.java:42)
	at org.eclipse.core.internal.events.NotificationManager.notify(NotificationManager.java:289)
	at org.eclipse.core.internal.events.NotificationManager.broadcastChanges(NotificationManager.java:152)
	at org.eclipse.core.internal.resources.Workspace.broadcastPostChange(Workspace.java:373)
	at org.eclipse.core.internal.resources.Workspace.endOperation(Workspace.java:1470)
	at org.eclipse.core.internal.resources.InternalWorkspaceJob.run(InternalWorkspaceJob.java:46)
	at org.eclipse.core.internal.jobs.Worker.run(Worker.java:55)
Caused by: java.io.FileNotFoundException: C:\Users\testuser\Desktop\workspace\workspace-fujii\test\Person\.settings\org.eclipse.jdt.core.prefs (指定されたパスが見つかりません。)
	at java.io.FileInputStream.open0(Native Method)
	at java.io.FileInputStream.open(FileInputStream.java:195)
	at java.io.FileInputStream.<init>(FileInputStream.java:138)
	at org.eclipse.core.internal.filesystem.local.LocalFile.openInputStream(LocalFile.java:382)
	... 24 more
!SUBENTRY 1 org.eclipse.core.filesystem 4 271 2018-06-29 19:47:02.104
!MESSAGE ファイルが見つかりません: C:\Users\testuser\Desktop\workspace\workspace-fujii\test\Person\.settings\org.eclipse.jdt.core.prefs.
!STACK 0
java.io.FileNotFoundException: C:\Users\testuser\Desktop\workspace\workspace-fujii\test\Person\.settings\org.eclipse.jdt.core.prefs (指定されたパスが見つかりません。)
	at java.io.FileInputStream.open0(Native Method)
	at java.io.FileInputStream.open(FileInputStream.java:195)
	at java.io.FileInputStream.<init>(FileInputStream.java:138)
	at org.eclipse.core.internal.filesystem.local.LocalFile.openInputStream(LocalFile.java:382)
	at org.eclipse.core.internal.localstore.FileSystemResourceManager.read(FileSystemResourceManager.java:834)
	at org.eclipse.core.internal.resources.File.getContents(File.java:269)
	at org.eclipse.core.internal.resources.ProjectPreferences.load(ProjectPreferences.java:507)
	at org.eclipse.core.internal.resources.ProjectPreferences.load(ProjectPreferences.java:492)
	at org.eclipse.core.internal.preferences.EclipsePreferences.create(EclipsePreferences.java:409)
	at org.eclipse.core.internal.preferences.EclipsePreferences.getChild(EclipsePreferences.java:534)
	at org.eclipse.core.internal.preferences.EclipsePreferences.internalNode(EclipsePreferences.java:668)
	at org.eclipse.core.internal.preferences.EclipsePreferences.node(EclipsePreferences.java:812)
	at org.eclipse.core.resources.ProjectScope.getNode(ProjectScope.java:68)
	at org.eclipse.jdt.internal.core.JavaProject.getEclipsePreferences(JavaProject.java:1490)
	at org.eclipse.jdt.internal.core.JavaProject.getOption(JavaProject.java:1657)
	at org.eclipse.jdt.internal.core.DeltaProcessor.elementType(DeltaProcessor.java:1363)
	at org.eclipse.jdt.internal.core.DeltaProcessor.traverseDelta(DeltaProcessor.java:2273)
	at org.eclipse.jdt.internal.core.DeltaProcessor.processResourceDelta(DeltaProcessor.java:1886)
	at org.eclipse.jdt.internal.core.DeltaProcessor.resourceChanged(DeltaProcessor.java:2059)
	at org.eclipse.jdt.internal.core.DeltaProcessingState.resourceChanged(DeltaProcessingState.java:477)
	at org.eclipse.core.internal.events.NotificationManager$1.run(NotificationManager.java:299)
	at org.eclipse.core.runtime.SafeRunner.run(SafeRunner.java:42)
	at org.eclipse.core.internal.events.NotificationManager.notify(NotificationManager.java:289)
	at org.eclipse.core.internal.events.NotificationManager.broadcastChanges(NotificationManager.java:152)
	at org.eclipse.core.internal.resources.Workspace.broadcastPostChange(Workspace.java:373)
	at org.eclipse.core.internal.resources.Workspace.endOperation(Workspace.java:1470)
	at org.eclipse.core.internal.resources.InternalWorkspaceJob.run(InternalWorkspaceJob.java:46)
	at org.eclipse.core.internal.jobs.Worker.run(Worker.java:55)

!ENTRY org.eclipse.equinox.preferences 4 4 2018-06-29 19:47:02.108
!MESSAGE 設定のロード中に例外が発生しました: C:/Users/testuser/Desktop/workspace/workspace-fujii/test/Person/.settings/org.eclipse.jdt.core.prefs。
!STACK 0
org.osgi.service.prefs.BackingStoreException: 設定のロード中に例外が発生しました: /Person/.settings/org.eclipse.jdt.core.prefs。
	at org.eclipse.core.internal.resources.ProjectPreferences.load(ProjectPreferences.java:515)
	at org.eclipse.core.internal.resources.ProjectPreferences.load(ProjectPreferences.java:492)
	at org.eclipse.core.internal.preferences.EclipsePreferences.create(EclipsePreferences.java:409)
	at org.eclipse.core.internal.preferences.EclipsePreferences.getChild(EclipsePreferences.java:534)
	at org.eclipse.core.internal.preferences.EclipsePreferences.internalNode(EclipsePreferences.java:668)
	at org.eclipse.core.internal.preferences.EclipsePreferences.node(EclipsePreferences.java:812)
	at org.eclipse.core.resources.ProjectScope.getNode(ProjectScope.java:68)
	at org.eclipse.jdt.internal.core.JavaProject.getEclipsePreferences(JavaProject.java:1490)
	at org.eclipse.jdt.internal.core.JavaProject.getOption(JavaProject.java:1657)
	at org.eclipse.jdt.internal.core.DeltaProcessor.elementType(DeltaProcessor.java:1363)
	at org.eclipse.jdt.internal.core.DeltaProcessor.traverseDelta(DeltaProcessor.java:2273)
	at org.eclipse.jdt.internal.core.DeltaProcessor.processResourceDelta(DeltaProcessor.java:1886)
	at org.eclipse.jdt.internal.core.DeltaProcessor.resourceChanged(DeltaProcessor.java:2059)
	at org.eclipse.jdt.internal.core.DeltaProcessingState.resourceChanged(DeltaProcessingState.java:477)
	at org.eclipse.core.internal.events.NotificationManager$1.run(NotificationManager.java:299)
	at org.eclipse.core.runtime.SafeRunner.run(SafeRunner.java:42)
	at org.eclipse.core.internal.events.NotificationManager.notify(NotificationManager.java:289)
	at org.eclipse.core.internal.events.NotificationManager.broadcastChanges(NotificationManager.java:152)
	at org.eclipse.core.internal.resources.Workspace.broadcastPostChange(Workspace.java:373)
	at org.eclipse.core.internal.resources.Workspace.endOperation(Workspace.java:1470)
	at org.eclipse.core.internal.resources.InternalWorkspaceJob.run(InternalWorkspaceJob.java:46)
	at org.eclipse.core.internal.jobs.Worker.run(Worker.java:55)

!ENTRY org.eclipse.jface 2 0 2018-06-29 19:47:14.986
!MESSAGE キーバインドの競合が発生しました。 通常のアクセラレーター操作を妨げる可能性があります。
!SUBENTRY 1 org.eclipse.jface 2 0 2018-06-29 19:47:14.986
!MESSAGE ALT+CTRL+SPACE の競合が発生しました:
Binding(ALT+CTRL+SPACE,
	ParameterizedCommand(Command(org.eclipse.recommenders.snipmatch.rcp.commands.completion,Snipmatch スニペット・コンプリート,
		Open a dialog to search for and insert code snippets,
		Category(org.eclipse.jdt.ui.category.source,ソース,Java ソース・アクション,true),
		org.eclipse.ui.internal.WorkbenchHandlerServiceHandler@7df5358,
		,,true),null),
	org.eclipse.ui.defaultAcceleratorConfiguration,
	org.eclipse.ui.textEditorScope,,,system)
Binding(ALT+CTRL+SPACE,
	ParameterizedCommand(Command(AnyEdit.CnvrtTabToSpaces.command,タブをスペースに,
		,
		Category(AnyEdit.category,AnyEdit ツール,AnyEdit ツール・キー・バインド,true),
		org.eclipse.ui.internal.WorkbenchHandlerServiceHandler@49d26eba,
		,,true),null),
	org.eclipse.ui.defaultAcceleratorConfiguration,
	org.eclipse.ui.textEditorScope,,,system)

!ENTRY org.eclipse.jdt.core 4 4 2018-06-29 19:47:17.040
!MESSAGE JavaBuilder handling CoreException
!STACK 1
org.eclipse.core.runtime.CoreException: ファイルが見つかりません: C:\Users\testuser\Desktop\workspace\workspace-fujii\test\Person2\bin\Person.class.
	at org.eclipse.core.internal.filesystem.Policy.error(Policy.java:49)
	at org.eclipse.core.internal.filesystem.local.LocalFile.openInputStream(LocalFile.java:391)
	at org.eclipse.core.internal.localstore.FileSystemResourceManager.read(FileSystemResourceManager.java:834)
	at org.eclipse.core.internal.resources.File.getContents(File.java:269)
	at org.eclipse.jdt.internal.core.util.Util.getResourceContentsAsByteArray(Util.java:1135)
	at org.eclipse.jdt.internal.core.builder.IncrementalImageBuilder.writeClassFileCheck(IncrementalImageBuilder.java:889)
	at org.eclipse.jdt.internal.core.builder.IncrementalImageBuilder.writeClassFileContents(IncrementalImageBuilder.java:831)
	at org.eclipse.jdt.internal.core.builder.AbstractImageBuilder.writeClassFile(AbstractImageBuilder.java:859)
	at org.eclipse.jdt.internal.core.builder.AbstractImageBuilder.acceptResult(AbstractImageBuilder.java:190)
	at org.eclipse.jdt.internal.compiler.Compiler.processCompiledUnits(Compiler.java:589)
	at org.eclipse.jdt.internal.compiler.Compiler.compile(Compiler.java:458)
	at org.eclipse.jdt.internal.core.builder.AbstractImageBuilder.compile(AbstractImageBuilder.java:367)
	at org.eclipse.jdt.internal.core.builder.IncrementalImageBuilder.compile(IncrementalImageBuilder.java:330)
	at org.eclipse.jdt.internal.core.builder.AbstractImageBuilder.compile(AbstractImageBuilder.java:304)
	at org.eclipse.jdt.internal.core.builder.IncrementalImageBuilder.build(IncrementalImageBuilder.java:135)
	at org.eclipse.jdt.internal.core.builder.JavaBuilder.buildDeltas(JavaBuilder.java:267)
	at org.eclipse.jdt.internal.core.builder.JavaBuilder.build(JavaBuilder.java:195)
	at org.eclipse.core.internal.events.BuildManager$2.run(BuildManager.java:734)
	at org.eclipse.core.runtime.SafeRunner.run(SafeRunner.java:42)
	at org.eclipse.core.internal.events.BuildManager.basicBuild(BuildManager.java:205)
	at org.eclipse.core.internal.events.BuildManager.basicBuild(BuildManager.java:245)
	at org.eclipse.core.internal.events.BuildManager$1.run(BuildManager.java:300)
	at org.eclipse.core.runtime.SafeRunner.run(SafeRunner.java:42)
	at org.eclipse.core.internal.events.BuildManager.basicBuild(BuildManager.java:303)
	at org.eclipse.core.internal.events.BuildManager.basicBuildLoop(BuildManager.java:359)
	at org.eclipse.core.internal.events.BuildManager.build(BuildManager.java:382)
	at org.eclipse.core.internal.events.AutoBuildJob.doBuild(AutoBuildJob.java:144)
	at org.eclipse.core.internal.events.AutoBuildJob.run(AutoBuildJob.java:235)
	at org.eclipse.core.internal.jobs.Worker.run(Worker.java:55)
Caused by: java.io.FileNotFoundException: C:\Users\testuser\Desktop\workspace\workspace-fujii\test\Person2\bin\Person.class (指定されたパスが見つかりません。)
	at java.io.FileInputStream.open0(Native Method)
	at java.io.FileInputStream.open(FileInputStream.java:195)
	at java.io.FileInputStream.<init>(FileInputStream.java:138)
	at org.eclipse.core.internal.filesystem.local.LocalFile.openInputStream(LocalFile.java:382)
	... 27 more
!SUBENTRY 1 org.eclipse.core.filesystem 4 271 2018-06-29 19:47:17.040
!MESSAGE ファイルが見つかりません: C:\Users\testuser\Desktop\workspace\workspace-fujii\test\Person2\bin\Person.class.
!STACK 0
java.io.FileNotFoundException: C:\Users\testuser\Desktop\workspace\workspace-fujii\test\Person2\bin\Person.class (指定されたパスが見つかりません。)
	at java.io.FileInputStream.open0(Native Method)
	at java.io.FileInputStream.open(FileInputStream.java:195)
	at java.io.FileInputStream.<init>(FileInputStream.java:138)
	at org.eclipse.core.internal.filesystem.local.LocalFile.openInputStream(LocalFile.java:382)
	at org.eclipse.core.internal.localstore.FileSystemResourceManager.read(FileSystemResourceManager.java:834)
	at org.eclipse.core.internal.resources.File.getContents(File.java:269)
	at org.eclipse.jdt.internal.core.util.Util.getResourceContentsAsByteArray(Util.java:1135)
	at org.eclipse.jdt.internal.core.builder.IncrementalImageBuilder.writeClassFileCheck(IncrementalImageBuilder.java:889)
	at org.eclipse.jdt.internal.core.builder.IncrementalImageBuilder.writeClassFileContents(IncrementalImageBuilder.java:831)
	at org.eclipse.jdt.internal.core.builder.AbstractImageBuilder.writeClassFile(AbstractImageBuilder.java:859)
	at org.eclipse.jdt.internal.core.builder.AbstractImageBuilder.acceptResult(AbstractImageBuilder.java:190)
	at org.eclipse.jdt.internal.compiler.Compiler.processCompiledUnits(Compiler.java:589)
	at org.eclipse.jdt.internal.compiler.Compiler.compile(Compiler.java:458)
	at org.eclipse.jdt.internal.core.builder.AbstractImageBuilder.compile(AbstractImageBuilder.java:367)
	at org.eclipse.jdt.internal.core.builder.IncrementalImageBuilder.compile(IncrementalImageBuilder.java:330)
	at org.eclipse.jdt.internal.core.builder.AbstractImageBuilder.compile(AbstractImageBuilder.java:304)
	at org.eclipse.jdt.internal.core.builder.IncrementalImageBuilder.build(IncrementalImageBuilder.java:135)
	at org.eclipse.jdt.internal.core.builder.JavaBuilder.buildDeltas(JavaBuilder.java:267)
	at org.eclipse.jdt.internal.core.builder.JavaBuilder.build(JavaBuilder.java:195)
	at org.eclipse.core.internal.events.BuildManager$2.run(BuildManager.java:734)
	at org.eclipse.core.runtime.SafeRunner.run(SafeRunner.java:42)
	at org.eclipse.core.internal.events.BuildManager.basicBuild(BuildManager.java:205)
	at org.eclipse.core.internal.events.BuildManager.basicBuild(BuildManager.java:245)
	at org.eclipse.core.internal.events.BuildManager$1.run(BuildManager.java:300)
	at org.eclipse.core.runtime.SafeRunner.run(SafeRunner.java:42)
	at org.eclipse.core.internal.events.BuildManager.basicBuild(BuildManager.java:303)
	at org.eclipse.core.internal.events.BuildManager.basicBuildLoop(BuildManager.java:359)
	at org.eclipse.core.internal.events.BuildManager.build(BuildManager.java:382)
	at org.eclipse.core.internal.events.AutoBuildJob.doBuild(AutoBuildJob.java:144)
	at org.eclipse.core.internal.events.AutoBuildJob.run(AutoBuildJob.java:235)
	at org.eclipse.core.internal.jobs.Worker.run(Worker.java:55)

!ENTRY org.eclipse.jdt.core 4 4 2018-06-29 19:47:17.072
!MESSAGE JavaBuilder handling CoreException
!STACK 1
org.eclipse.core.runtime.CoreException: ファイルが見つかりません: C:\Users\testuser\Desktop\workspace\workspace-fujii\test\Person2\bin\Test.class.
	at org.eclipse.core.internal.filesystem.Policy.error(Policy.java:49)
	at org.eclipse.core.internal.filesystem.local.LocalFile.openInputStream(LocalFile.java:391)
	at org.eclipse.core.internal.localstore.FileSystemResourceManager.read(FileSystemResourceManager.java:834)
	at org.eclipse.core.internal.resources.File.getContents(File.java:269)
	at org.eclipse.jdt.internal.core.util.Util.getResourceContentsAsByteArray(Util.java:1135)
	at org.eclipse.jdt.internal.core.builder.IncrementalImageBuilder.writeClassFileCheck(IncrementalImageBuilder.java:889)
	at org.eclipse.jdt.internal.core.builder.IncrementalImageBuilder.writeClassFileContents(IncrementalImageBuilder.java:831)
	at org.eclipse.jdt.internal.core.builder.AbstractImageBuilder.writeClassFile(AbstractImageBuilder.java:859)
	at org.eclipse.jdt.internal.core.builder.AbstractImageBuilder.acceptResult(AbstractImageBuilder.java:190)
	at org.eclipse.jdt.internal.compiler.Compiler.processCompiledUnits(Compiler.java:589)
	at org.eclipse.jdt.internal.compiler.Compiler.compile(Compiler.java:458)
	at org.eclipse.jdt.internal.core.builder.AbstractImageBuilder.compile(AbstractImageBuilder.java:367)
	at org.eclipse.jdt.internal.core.builder.IncrementalImageBuilder.compile(IncrementalImageBuilder.java:330)
	at org.eclipse.jdt.internal.core.builder.AbstractImageBuilder.compile(AbstractImageBuilder.java:304)
	at org.eclipse.jdt.internal.core.builder.IncrementalImageBuilder.build(IncrementalImageBuilder.java:135)
	at org.eclipse.jdt.internal.core.builder.JavaBuilder.buildDeltas(JavaBuilder.java:267)
	at org.eclipse.jdt.internal.core.builder.JavaBuilder.build(JavaBuilder.java:195)
	at org.eclipse.core.internal.events.BuildManager$2.run(BuildManager.java:734)
	at org.eclipse.core.runtime.SafeRunner.run(SafeRunner.java:42)
	at org.eclipse.core.internal.events.BuildManager.basicBuild(BuildManager.java:205)
	at org.eclipse.core.internal.events.BuildManager.basicBuild(BuildManager.java:245)
	at org.eclipse.core.internal.events.BuildManager$1.run(BuildManager.java:300)
	at org.eclipse.core.runtime.SafeRunner.run(SafeRunner.java:42)
	at org.eclipse.core.internal.events.BuildManager.basicBuild(BuildManager.java:303)
	at org.eclipse.core.internal.events.BuildManager.basicBuildLoop(BuildManager.java:359)
	at org.eclipse.core.internal.events.BuildManager.build(BuildManager.java:382)
	at org.eclipse.core.internal.events.AutoBuildJob.doBuild(AutoBuildJob.java:144)
	at org.eclipse.core.internal.events.AutoBuildJob.run(AutoBuildJob.java:235)
	at org.eclipse.core.internal.jobs.Worker.run(Worker.java:55)
Caused by: java.io.FileNotFoundException: C:\Users\testuser\Desktop\workspace\workspace-fujii\test\Person2\bin\Test.class (指定されたパスが見つかりません。)
	at java.io.FileInputStream.open0(Native Method)
	at java.io.FileInputStream.open(FileInputStream.java:195)
	at java.io.FileInputStream.<init>(FileInputStream.java:138)
	at org.eclipse.core.internal.filesystem.local.LocalFile.openInputStream(LocalFile.java:382)
	... 27 more
!SUBENTRY 1 org.eclipse.core.filesystem 4 271 2018-06-29 19:47:17.072
!MESSAGE ファイルが見つかりません: C:\Users\testuser\Desktop\workspace\workspace-fujii\test\Person2\bin\Test.class.
!STACK 0
java.io.FileNotFoundException: C:\Users\testuser\Desktop\workspace\workspace-fujii\test\Person2\bin\Test.class (指定されたパスが見つかりません。)
	at java.io.FileInputStream.open0(Native Method)
	at java.io.FileInputStream.open(FileInputStream.java:195)
	at java.io.FileInputStream.<init>(FileInputStream.java:138)
	at org.eclipse.core.internal.filesystem.local.LocalFile.openInputStream(LocalFile.java:382)
	at org.eclipse.core.internal.localstore.FileSystemResourceManager.read(FileSystemResourceManager.java:834)
	at org.eclipse.core.internal.resources.File.getContents(File.java:269)
	at org.eclipse.jdt.internal.core.util.Util.getResourceContentsAsByteArray(Util.java:1135)
	at org.eclipse.jdt.internal.core.builder.IncrementalImageBuilder.writeClassFileCheck(IncrementalImageBuilder.java:889)
	at org.eclipse.jdt.internal.core.builder.IncrementalImageBuilder.writeClassFileContents(IncrementalImageBuilder.java:831)
	at org.eclipse.jdt.internal.core.builder.AbstractImageBuilder.writeClassFile(AbstractImageBuilder.java:859)
	at org.eclipse.jdt.internal.core.builder.AbstractImageBuilder.acceptResult(AbstractImageBuilder.java:190)
	at org.eclipse.jdt.internal.compiler.Compiler.processCompiledUnits(Compiler.java:589)
	at org.eclipse.jdt.internal.compiler.Compiler.compile(Compiler.java:458)
	at org.eclipse.jdt.internal.core.builder.AbstractImageBuilder.compile(AbstractImageBuilder.java:367)
	at org.eclipse.jdt.internal.core.builder.IncrementalImageBuilder.compile(IncrementalImageBuilder.java:330)
	at org.eclipse.jdt.internal.core.builder.AbstractImageBuilder.compile(AbstractImageBuilder.java:304)
	at org.eclipse.jdt.internal.core.builder.IncrementalImageBuilder.build(IncrementalImageBuilder.java:135)
	at org.eclipse.jdt.internal.core.builder.JavaBuilder.buildDeltas(JavaBuilder.java:267)
	at org.eclipse.jdt.internal.core.builder.JavaBuilder.build(JavaBuilder.java:195)
	at org.eclipse.core.internal.events.BuildManager$2.run(BuildManager.java:734)
	at org.eclipse.core.runtime.SafeRunner.run(SafeRunner.java:42)
	at org.eclipse.core.internal.events.BuildManager.basicBuild(BuildManager.java:205)
	at org.eclipse.core.internal.events.BuildManager.basicBuild(BuildManager.java:245)
	at org.eclipse.core.internal.events.BuildManager$1.run(BuildManager.java:300)
	at org.eclipse.core.runtime.SafeRunner.run(SafeRunner.java:42)
	at org.eclipse.core.internal.events.BuildManager.basicBuild(BuildManager.java:303)
	at org.eclipse.core.internal.events.BuildManager.basicBuildLoop(BuildManager.java:359)
	at org.eclipse.core.internal.events.BuildManager.build(BuildManager.java:382)
	at org.eclipse.core.internal.events.AutoBuildJob.doBuild(AutoBuildJob.java:144)
	at org.eclipse.core.internal.events.AutoBuildJob.run(AutoBuildJob.java:235)
	at org.eclipse.core.internal.jobs.Worker.run(Worker.java:55)

!ENTRY org.eclipse.jdt.core 4 4 2018-06-29 19:47:17.150
!MESSAGE JavaBuilder handling CoreException
!STACK 1
org.eclipse.core.runtime.CoreException: ファイルが見つかりません: C:\Users\testuser\Desktop\workspace\workspace-fujii\test\human\bin\jp\co\internous\action\Human.class.
	at org.eclipse.core.internal.filesystem.Policy.error(Policy.java:49)
	at org.eclipse.core.internal.filesystem.local.LocalFile.openInputStream(LocalFile.java:391)
	at org.eclipse.core.internal.localstore.FileSystemResourceManager.read(FileSystemResourceManager.java:834)
	at org.eclipse.core.internal.resources.File.getContents(File.java:269)
	at org.eclipse.jdt.internal.core.util.Util.getResourceContentsAsByteArray(Util.java:1135)
	at org.eclipse.jdt.internal.core.builder.IncrementalImageBuilder.writeClassFileCheck(IncrementalImageBuilder.java:889)
	at org.eclipse.jdt.internal.core.builder.IncrementalImageBuilder.writeClassFileContents(IncrementalImageBuilder.java:831)
	at org.eclipse.jdt.internal.core.builder.AbstractImageBuilder.writeClassFile(AbstractImageBuilder.java:859)
	at org.eclipse.jdt.internal.core.builder.AbstractImageBuilder.acceptResult(AbstractImageBuilder.java:190)
	at org.eclipse.jdt.internal.compiler.Compiler.processCompiledUnits(Compiler.java:589)
	at org.eclipse.jdt.internal.compiler.Compiler.compile(Compiler.java:458)
	at org.eclipse.jdt.internal.core.builder.AbstractImageBuilder.compile(AbstractImageBuilder.java:367)
	at org.eclipse.jdt.internal.core.builder.IncrementalImageBuilder.compile(IncrementalImageBuilder.java:330)
	at org.eclipse.jdt.internal.core.builder.AbstractImageBuilder.compile(AbstractImageBuilder.java:304)
	at org.eclipse.jdt.internal.core.builder.IncrementalImageBuilder.build(IncrementalImageBuilder.java:135)
	at org.eclipse.jdt.internal.core.builder.JavaBuilder.buildDeltas(JavaBuilder.java:267)
	at org.eclipse.jdt.internal.core.builder.JavaBuilder.build(JavaBuilder.java:195)
	at org.eclipse.core.internal.events.BuildManager$2.run(BuildManager.java:734)
	at org.eclipse.core.runtime.SafeRunner.run(SafeRunner.java:42)
	at org.eclipse.core.internal.events.BuildManager.basicBuild(BuildManager.java:205)
	at org.eclipse.core.internal.events.BuildManager.basicBuild(BuildManager.java:245)
	at org.eclipse.core.internal.events.BuildManager$1.run(BuildManager.java:300)
	at org.eclipse.core.runtime.SafeRunner.run(SafeRunner.java:42)
	at org.eclipse.core.internal.events.BuildManager.basicBuild(BuildManager.java:303)
	at org.eclipse.core.internal.events.BuildManager.basicBuildLoop(BuildManager.java:359)
	at org.eclipse.core.internal.events.BuildManager.build(BuildManager.java:382)
	at org.eclipse.core.internal.events.AutoBuildJob.doBuild(AutoBuildJob.java:144)
	at org.eclipse.core.internal.events.AutoBuildJob.run(AutoBuildJob.java:235)
	at org.eclipse.core.internal.jobs.Worker.run(Worker.java:55)
Caused by: java.io.FileNotFoundException: C:\Users\testuser\Desktop\workspace\workspace-fujii\test\human\bin\jp\co\internous\action\Human.class (指定されたパスが見つかりません。)
	at java.io.FileInputStream.open0(Native Method)
	at java.io.FileInputStream.open(FileInputStream.java:195)
	at java.io.FileInputStream.<init>(FileInputStream.java:138)
	at org.eclipse.core.internal.filesystem.local.LocalFile.openInputStream(LocalFile.java:382)
	... 27 more
!SUBENTRY 1 org.eclipse.core.filesystem 4 271 2018-06-29 19:47:17.150
!MESSAGE ファイルが見つかりません: C:\Users\testuser\Desktop\workspace\workspace-fujii\test\human\bin\jp\co\internous\action\Human.class.
!STACK 0
java.io.FileNotFoundException: C:\Users\testuser\Desktop\workspace\workspace-fujii\test\human\bin\jp\co\internous\action\Human.class (指定されたパスが見つかりません。)
	at java.io.FileInputStream.open0(Native Method)
	at java.io.FileInputStream.open(FileInputStream.java:195)
	at java.io.FileInputStream.<init>(FileInputStream.java:138)
	at org.eclipse.core.internal.filesystem.local.LocalFile.openInputStream(LocalFile.java:382)
	at org.eclipse.core.internal.localstore.FileSystemResourceManager.read(FileSystemResourceManager.java:834)
	at org.eclipse.core.internal.resources.File.getContents(File.java:269)
	at org.eclipse.jdt.internal.core.util.Util.getResourceContentsAsByteArray(Util.java:1135)
	at org.eclipse.jdt.internal.core.builder.IncrementalImageBuilder.writeClassFileCheck(IncrementalImageBuilder.java:889)
	at org.eclipse.jdt.internal.core.builder.IncrementalImageBuilder.writeClassFileContents(IncrementalImageBuilder.java:831)
	at org.eclipse.jdt.internal.core.builder.AbstractImageBuilder.writeClassFile(AbstractImageBuilder.java:859)
	at org.eclipse.jdt.internal.core.builder.AbstractImageBuilder.acceptResult(AbstractImageBuilder.java:190)
	at org.eclipse.jdt.internal.compiler.Compiler.processCompiledUnits(Compiler.java:589)
	at org.eclipse.jdt.internal.compiler.Compiler.compile(Compiler.java:458)
	at org.eclipse.jdt.internal.core.builder.AbstractImageBuilder.compile(AbstractImageBuilder.java:367)
	at org.eclipse.jdt.internal.core.builder.IncrementalImageBuilder.compile(IncrementalImageBuilder.java:330)
	at org.eclipse.jdt.internal.core.builder.AbstractImageBuilder.compile(AbstractImageBuilder.java:304)
	at org.eclipse.jdt.internal.core.builder.IncrementalImageBuilder.build(IncrementalImageBuilder.java:135)
	at org.eclipse.jdt.internal.core.builder.JavaBuilder.buildDeltas(JavaBuilder.java:267)
	at org.eclipse.jdt.internal.core.builder.JavaBuilder.build(JavaBuilder.java:195)
	at org.eclipse.core.internal.events.BuildManager$2.run(BuildManager.java:734)
	at org.eclipse.core.runtime.SafeRunner.run(SafeRunner.java:42)
	at org.eclipse.core.internal.events.BuildManager.basicBuild(BuildManager.java:205)
	at org.eclipse.core.internal.events.BuildManager.basicBuild(BuildManager.java:245)
	at org.eclipse.core.internal.events.BuildManager$1.run(BuildManager.java:300)
	at org.eclipse.core.runtime.SafeRunner.run(SafeRunner.java:42)
	at org.eclipse.core.internal.events.BuildManager.basicBuild(BuildManager.java:303)
	at org.eclipse.core.internal.events.BuildManager.basicBuildLoop(BuildManager.java:359)
	at org.eclipse.core.internal.events.BuildManager.build(BuildManager.java:382)
	at org.eclipse.core.internal.events.AutoBuildJob.doBuild(AutoBuildJob.java:144)
	at org.eclipse.core.internal.events.AutoBuildJob.run(AutoBuildJob.java:235)
	at org.eclipse.core.internal.jobs.Worker.run(Worker.java:55)

!ENTRY org.eclipse.jdt.core 4 4 2018-06-29 19:47:17.165
!MESSAGE JavaBuilder handling CoreException
!STACK 1
org.eclipse.core.runtime.CoreException: ファイルが見つかりません: C:\Users\testuser\Desktop\workspace\workspace-fujii\test\human\bin\jp\co\internous\action\HumanAddress.class.
	at org.eclipse.core.internal.filesystem.Policy.error(Policy.java:49)
	at org.eclipse.core.internal.filesystem.local.LocalFile.openInputStream(LocalFile.java:391)
	at org.eclipse.core.internal.localstore.FileSystemResourceManager.read(FileSystemResourceManager.java:834)
	at org.eclipse.core.internal.resources.File.getContents(File.java:269)
	at org.eclipse.jdt.internal.core.util.Util.getResourceContentsAsByteArray(Util.java:1135)
	at org.eclipse.jdt.internal.core.builder.IncrementalImageBuilder.writeClassFileCheck(IncrementalImageBuilder.java:889)
	at org.eclipse.jdt.internal.core.builder.IncrementalImageBuilder.writeClassFileContents(IncrementalImageBuilder.java:831)
	at org.eclipse.jdt.internal.core.builder.AbstractImageBuilder.writeClassFile(AbstractImageBuilder.java:859)
	at org.eclipse.jdt.internal.core.builder.AbstractImageBuilder.acceptResult(AbstractImageBuilder.java:190)
	at org.eclipse.jdt.internal.compiler.Compiler.processCompiledUnits(Compiler.java:589)
	at org.eclipse.jdt.internal.compiler.Compiler.compile(Compiler.java:458)
	at org.eclipse.jdt.internal.core.builder.AbstractImageBuilder.compile(AbstractImageBuilder.java:367)
	at org.eclipse.jdt.internal.core.builder.IncrementalImageBuilder.compile(IncrementalImageBuilder.java:330)
	at org.eclipse.jdt.internal.core.builder.AbstractImageBuilder.compile(AbstractImageBuilder.java:304)
	at org.eclipse.jdt.internal.core.builder.IncrementalImageBuilder.build(IncrementalImageBuilder.java:135)
	at org.eclipse.jdt.internal.core.builder.JavaBuilder.buildDeltas(JavaBuilder.java:267)
	at org.eclipse.jdt.internal.core.builder.JavaBuilder.build(JavaBuilder.java:195)
	at org.eclipse.core.internal.events.BuildManager$2.run(BuildManager.java:734)
	at org.eclipse.core.runtime.SafeRunner.run(SafeRunner.java:42)
	at org.eclipse.core.internal.events.BuildManager.basicBuild(BuildManager.java:205)
	at org.eclipse.core.internal.events.BuildManager.basicBuild(BuildManager.java:245)
	at org.eclipse.core.internal.events.BuildManager$1.run(BuildManager.java:300)
	at org.eclipse.core.runtime.SafeRunner.run(SafeRunner.java:42)
	at org.eclipse.core.internal.events.BuildManager.basicBuild(BuildManager.java:303)
	at org.eclipse.core.internal.events.BuildManager.basicBuildLoop(BuildManager.java:359)
	at org.eclipse.core.internal.events.BuildManager.build(BuildManager.java:382)
	at org.eclipse.core.internal.events.AutoBuildJob.doBuild(AutoBuildJob.java:144)
	at org.eclipse.core.internal.events.AutoBuildJob.run(AutoBuildJob.java:235)
	at org.eclipse.core.internal.jobs.Worker.run(Worker.java:55)
Caused by: java.io.FileNotFoundException: C:\Users\testuser\Desktop\workspace\workspace-fujii\test\human\bin\jp\co\internous\action\HumanAddress.class (指定されたパスが見つかりません。)
	at java.io.FileInputStream.open0(Native Method)
	at java.io.FileInputStream.open(FileInputStream.java:195)
	at java.io.FileInputStream.<init>(FileInputStream.java:138)
	at org.eclipse.core.internal.filesystem.local.LocalFile.openInputStream(LocalFile.java:382)
	... 27 more
!SUBENTRY 1 org.eclipse.core.filesystem 4 271 2018-06-29 19:47:17.165
!MESSAGE ファイルが見つかりません: C:\Users\testuser\Desktop\workspace\workspace-fujii\test\human\bin\jp\co\internous\action\HumanAddress.class.
!STACK 0
java.io.FileNotFoundException: C:\Users\testuser\Desktop\workspace\workspace-fujii\test\human\bin\jp\co\internous\action\HumanAddress.class (指定されたパスが見つかりません。)
	at java.io.FileInputStream.open0(Native Method)
	at java.io.FileInputStream.open(FileInputStream.java:195)
	at java.io.FileInputStream.<init>(FileInputStream.java:138)
	at org.eclipse.core.internal.filesystem.local.LocalFile.openInputStream(LocalFile.java:382)
	at org.eclipse.core.internal.localstore.FileSystemResourceManager.read(FileSystemResourceManager.java:834)
	at org.eclipse.core.internal.resources.File.getContents(File.java:269)
	at org.eclipse.jdt.internal.core.util.Util.getResourceContentsAsByteArray(Util.java:1135)
	at org.eclipse.jdt.internal.core.builder.IncrementalImageBuilder.writeClassFileCheck(IncrementalImageBuilder.java:889)
	at org.eclipse.jdt.internal.core.builder.IncrementalImageBuilder.writeClassFileContents(IncrementalImageBuilder.java:831)
	at org.eclipse.jdt.internal.core.builder.AbstractImageBuilder.writeClassFile(AbstractImageBuilder.java:859)
	at org.eclipse.jdt.internal.core.builder.AbstractImageBuilder.acceptResult(AbstractImageBuilder.java:190)
	at org.eclipse.jdt.internal.compiler.Compiler.processCompiledUnits(Compiler.java:589)
	at org.eclipse.jdt.internal.compiler.Compiler.compile(Compiler.java:458)
	at org.eclipse.jdt.internal.core.builder.AbstractImageBuilder.compile(AbstractImageBuilder.java:367)
	at org.eclipse.jdt.internal.core.builder.IncrementalImageBuilder.compile(IncrementalImageBuilder.java:330)
	at org.eclipse.jdt.internal.core.builder.AbstractImageBuilder.compile(AbstractImageBuilder.java:304)
	at org.eclipse.jdt.internal.core.builder.IncrementalImageBuilder.build(IncrementalImageBuilder.java:135)
	at org.eclipse.jdt.internal.core.builder.JavaBuilder.buildDeltas(JavaBuilder.java:267)
	at org.eclipse.jdt.internal.core.builder.JavaBuilder.build(JavaBuilder.java:195)
	at org.eclipse.core.internal.events.BuildManager$2.run(BuildManager.java:734)
	at org.eclipse.core.runtime.SafeRunner.run(SafeRunner.java:42)
	at org.eclipse.core.internal.events.BuildManager.basicBuild(BuildManager.java:205)
	at org.eclipse.core.internal.events.BuildManager.basicBuild(BuildManager.java:245)
	at org.eclipse.core.internal.events.BuildManager$1.run(BuildManager.java:300)
	at org.eclipse.core.runtime.SafeRunner.run(SafeRunner.java:42)
	at org.eclipse.core.internal.events.BuildManager.basicBuild(BuildManager.java:303)
	at org.eclipse.core.internal.events.BuildManager.basicBuildLoop(BuildManager.java:359)
	at org.eclipse.core.internal.events.BuildManager.build(BuildManager.java:382)
	at org.eclipse.core.internal.events.AutoBuildJob.doBuild(AutoBuildJob.java:144)
	at org.eclipse.core.internal.events.AutoBuildJob.run(AutoBuildJob.java:235)
	at org.eclipse.core.internal.jobs.Worker.run(Worker.java:55)

!ENTRY org.eclipse.jdt.core 4 4 2018-06-29 19:47:17.181
!MESSAGE JavaBuilder handling CoreException
!STACK 1
org.eclipse.core.runtime.CoreException: ファイルが見つかりません: C:\Users\testuser\Desktop\workspace\workspace-fujii\test\human\bin\jp\co\internous\action\HumanAge.class.
	at org.eclipse.core.internal.filesystem.Policy.error(Policy.java:49)
	at org.eclipse.core.internal.filesystem.local.LocalFile.openInputStream(LocalFile.java:391)
	at org.eclipse.core.internal.localstore.FileSystemResourceManager.read(FileSystemResourceManager.java:834)
	at org.eclipse.core.internal.resources.File.getContents(File.java:269)
	at org.eclipse.jdt.internal.core.util.Util.getResourceContentsAsByteArray(Util.java:1135)
	at org.eclipse.jdt.internal.core.builder.IncrementalImageBuilder.writeClassFileCheck(IncrementalImageBuilder.java:889)
	at org.eclipse.jdt.internal.core.builder.IncrementalImageBuilder.writeClassFileContents(IncrementalImageBuilder.java:831)
	at org.eclipse.jdt.internal.core.builder.AbstractImageBuilder.writeClassFile(AbstractImageBuilder.java:859)
	at org.eclipse.jdt.internal.core.builder.AbstractImageBuilder.acceptResult(AbstractImageBuilder.java:190)
	at org.eclipse.jdt.internal.compiler.Compiler.processCompiledUnits(Compiler.java:589)
	at org.eclipse.jdt.internal.compiler.Compiler.compile(Compiler.java:458)
	at org.eclipse.jdt.internal.core.builder.AbstractImageBuilder.compile(AbstractImageBuilder.java:367)
	at org.eclipse.jdt.internal.core.builder.IncrementalImageBuilder.compile(IncrementalImageBuilder.java:330)
	at org.eclipse.jdt.internal.core.builder.AbstractImageBuilder.compile(AbstractImageBuilder.java:304)
	at org.eclipse.jdt.internal.core.builder.IncrementalImageBuilder.build(IncrementalImageBuilder.java:135)
	at org.eclipse.jdt.internal.core.builder.JavaBuilder.buildDeltas(JavaBuilder.java:267)
	at org.eclipse.jdt.internal.core.builder.JavaBuilder.build(JavaBuilder.java:195)
	at org.eclipse.core.internal.events.BuildManager$2.run(BuildManager.java:734)
	at org.eclipse.core.runtime.SafeRunner.run(SafeRunner.java:42)
	at org.eclipse.core.internal.events.BuildManager.basicBuild(BuildManager.java:205)
	at org.eclipse.core.internal.events.BuildManager.basicBuild(BuildManager.java:245)
	at org.eclipse.core.internal.events.BuildManager$1.run(BuildManager.java:300)
	at org.eclipse.core.runtime.SafeRunner.run(SafeRunner.java:42)
	at org.eclipse.core.internal.events.BuildManager.basicBuild(BuildManager.java:303)
	at org.eclipse.core.internal.events.BuildManager.basicBuildLoop(BuildManager.java:359)
	at org.eclipse.core.internal.events.BuildManager.build(BuildManager.java:382)
	at org.eclipse.core.internal.events.AutoBuildJob.doBuild(AutoBuildJob.java:144)
	at org.eclipse.core.internal.events.AutoBuildJob.run(AutoBuildJob.java:235)
	at org.eclipse.core.internal.jobs.Worker.run(Worker.java:55)
Caused by: java.io.FileNotFoundException: C:\Users\testuser\Desktop\workspace\workspace-fujii\test\human\bin\jp\co\internous\action\HumanAge.class (指定されたパスが見つかりません。)
	at java.io.FileInputStream.open0(Native Method)
	at java.io.FileInputStream.open(FileInputStream.java:195)
	at java.io.FileInputStream.<init>(FileInputStream.java:138)
	at org.eclipse.core.internal.filesystem.local.LocalFile.openInputStream(LocalFile.java:382)
	... 27 more
!SUBENTRY 1 org.eclipse.core.filesystem 4 271 2018-06-29 19:47:17.181
!MESSAGE ファイルが見つかりません: C:\Users\testuser\Desktop\workspace\workspace-fujii\test\human\bin\jp\co\internous\action\HumanAge.class.
!STACK 0
java.io.FileNotFoundException: C:\Users\testuser\Desktop\workspace\workspace-fujii\test\human\bin\jp\co\internous\action\HumanAge.class (指定されたパスが見つかりません。)
	at java.io.FileInputStream.open0(Native Method)
	at java.io.FileInputStream.open(FileInputStream.java:195)
	at java.io.FileInputStream.<init>(FileInputStream.java:138)
	at org.eclipse.core.internal.filesystem.local.LocalFile.openInputStream(LocalFile.java:382)
	at org.eclipse.core.internal.localstore.FileSystemResourceManager.read(FileSystemResourceManager.java:834)
	at org.eclipse.core.internal.resources.File.getContents(File.java:269)
	at org.eclipse.jdt.internal.core.util.Util.getResourceContentsAsByteArray(Util.java:1135)
	at org.eclipse.jdt.internal.core.builder.IncrementalImageBuilder.writeClassFileCheck(IncrementalImageBuilder.java:889)
	at org.eclipse.jdt.internal.core.builder.IncrementalImageBuilder.writeClassFileContents(IncrementalImageBuilder.java:831)
	at org.eclipse.jdt.internal.core.builder.AbstractImageBuilder.writeClassFile(AbstractImageBuilder.java:859)
	at org.eclipse.jdt.internal.core.builder.AbstractImageBuilder.acceptResult(AbstractImageBuilder.java:190)
	at org.eclipse.jdt.internal.compiler.Compiler.processCompiledUnits(Compiler.java:589)
	at org.eclipse.jdt.internal.compiler.Compiler.compile(Compiler.java:458)
	at org.eclipse.jdt.internal.core.builder.AbstractImageBuilder.compile(AbstractImageBuilder.java:367)
	at org.eclipse.jdt.internal.core.builder.IncrementalImageBuilder.compile(IncrementalImageBuilder.java:330)
	at org.eclipse.jdt.internal.core.builder.AbstractImageBuilder.compile(AbstractImageBuilder.java:304)
	at org.eclipse.jdt.internal.core.builder.IncrementalImageBuilder.build(IncrementalImageBuilder.java:135)
	at org.eclipse.jdt.internal.core.builder.JavaBuilder.buildDeltas(JavaBuilder.java:267)
	at org.eclipse.jdt.internal.core.builder.JavaBuilder.build(JavaBuilder.java:195)
	at org.eclipse.core.internal.events.BuildManager$2.run(BuildManager.java:734)
	at org.eclipse.core.runtime.SafeRunner.run(SafeRunner.java:42)
	at org.eclipse.core.internal.events.BuildManager.basicBuild(BuildManager.java:205)
	at org.eclipse.core.internal.events.BuildManager.basicBuild(BuildManager.java:245)
	at org.eclipse.core.internal.events.BuildManager$1.run(BuildManager.java:300)
	at org.eclipse.core.runtime.SafeRunner.run(SafeRunner.java:42)
	at org.eclipse.core.internal.events.BuildManager.basicBuild(BuildManager.java:303)
	at org.eclipse.core.internal.events.BuildManager.basicBuildLoop(BuildManager.java:359)
	at org.eclipse.core.internal.events.BuildManager.build(BuildManager.java:382)
	at org.eclipse.core.internal.events.AutoBuildJob.doBuild(AutoBuildJob.java:144)
	at org.eclipse.core.internal.events.AutoBuildJob.run(AutoBuildJob.java:235)
	at org.eclipse.core.internal.jobs.Worker.run(Worker.java:55)

!ENTRY org.eclipse.jdt.core 4 4 2018-06-29 19:47:17.181
!MESSAGE JavaBuilder handling CoreException
!STACK 1
org.eclipse.core.runtime.CoreException: ファイルが見つかりません: C:\Users\testuser\Desktop\workspace\workspace-fujii\test\human\bin\jp\co\internous\action\HumanGender.class.
	at org.eclipse.core.internal.filesystem.Policy.error(Policy.java:49)
	at org.eclipse.core.internal.filesystem.local.LocalFile.openInputStream(LocalFile.java:391)
	at org.eclipse.core.internal.localstore.FileSystemResourceManager.read(FileSystemResourceManager.java:834)
	at org.eclipse.core.internal.resources.File.getContents(File.java:269)
	at org.eclipse.jdt.internal.core.util.Util.getResourceContentsAsByteArray(Util.java:1135)
	at org.eclipse.jdt.internal.core.builder.IncrementalImageBuilder.writeClassFileCheck(IncrementalImageBuilder.java:889)
	at org.eclipse.jdt.internal.core.builder.IncrementalImageBuilder.writeClassFileContents(IncrementalImageBuilder.java:831)
	at org.eclipse.jdt.internal.core.builder.AbstractImageBuilder.writeClassFile(AbstractImageBuilder.java:859)
	at org.eclipse.jdt.internal.core.builder.AbstractImageBuilder.acceptResult(AbstractImageBuilder.java:190)
	at org.eclipse.jdt.internal.compiler.Compiler.processCompiledUnits(Compiler.java:589)
	at org.eclipse.jdt.internal.compiler.Compiler.compile(Compiler.java:458)
	at org.eclipse.jdt.internal.core.builder.AbstractImageBuilder.compile(AbstractImageBuilder.java:367)
	at org.eclipse.jdt.internal.core.builder.IncrementalImageBuilder.compile(IncrementalImageBuilder.java:330)
	at org.eclipse.jdt.internal.core.builder.AbstractImageBuilder.compile(AbstractImageBuilder.java:304)
	at org.eclipse.jdt.internal.core.builder.IncrementalImageBuilder.build(IncrementalImageBuilder.java:135)
	at org.eclipse.jdt.internal.core.builder.JavaBuilder.buildDeltas(JavaBuilder.java:267)
	at org.eclipse.jdt.internal.core.builder.JavaBuilder.build(JavaBuilder.java:195)
	at org.eclipse.core.internal.events.BuildManager$2.run(BuildManager.java:734)
	at org.eclipse.core.runtime.SafeRunner.run(SafeRunner.java:42)
	at org.eclipse.core.internal.events.BuildManager.basicBuild(BuildManager.java:205)
	at org.eclipse.core.internal.events.BuildManager.basicBuild(BuildManager.java:245)
	at org.eclipse.core.internal.events.BuildManager$1.run(BuildManager.java:300)
	at org.eclipse.core.runtime.SafeRunner.run(SafeRunner.java:42)
	at org.eclipse.core.internal.events.BuildManager.basicBuild(BuildManager.java:303)
	at org.eclipse.core.internal.events.BuildManager.basicBuildLoop(BuildManager.java:359)
	at org.eclipse.core.internal.events.BuildManager.build(BuildManager.java:382)
	at org.eclipse.core.internal.events.AutoBuildJob.doBuild(AutoBuildJob.java:144)
	at org.eclipse.core.internal.events.AutoBuildJob.run(AutoBuildJob.java:235)
	at org.eclipse.core.internal.jobs.Worker.run(Worker.java:55)
Caused by: java.io.FileNotFoundException: C:\Users\testuser\Desktop\workspace\workspace-fujii\test\human\bin\jp\co\internous\action\HumanGender.class (指定されたパスが見つかりません。)
	at java.io.FileInputStream.open0(Native Method)
	at java.io.FileInputStream.open(FileInputStream.java:195)
	at java.io.FileInputStream.<init>(FileInputStream.java:138)
	at org.eclipse.core.internal.filesystem.local.LocalFile.openInputStream(LocalFile.java:382)
	... 27 more
!SUBENTRY 1 org.eclipse.core.filesystem 4 271 2018-06-29 19:47:17.181
!MESSAGE ファイルが見つかりません: C:\Users\testuser\Desktop\workspace\workspace-fujii\test\human\bin\jp\co\internous\action\HumanGender.class.
!STACK 0
java.io.FileNotFoundException: C:\Users\testuser\Desktop\workspace\workspace-fujii\test\human\bin\jp\co\internous\action\HumanGender.class (指定されたパスが見つかりません。)
	at java.io.FileInputStream.open0(Native Method)
	at java.io.FileInputStream.open(FileInputStream.java:195)
	at java.io.FileInputStream.<init>(FileInputStream.java:138)
	at org.eclipse.core.internal.filesystem.local.LocalFile.openInputStream(LocalFile.java:382)
	at org.eclipse.core.internal.localstore.FileSystemResourceManager.read(FileSystemResourceManager.java:834)
	at org.eclipse.core.internal.resources.File.getContents(File.java:269)
	at org.eclipse.jdt.internal.core.util.Util.getResourceContentsAsByteArray(Util.java:1135)
	at org.eclipse.jdt.internal.core.builder.IncrementalImageBuilder.writeClassFileCheck(IncrementalImageBuilder.java:889)
	at org.eclipse.jdt.internal.core.builder.IncrementalImageBuilder.writeClassFileContents(IncrementalImageBuilder.java:831)
	at org.eclipse.jdt.internal.core.builder.AbstractImageBuilder.writeClassFile(AbstractImageBuilder.java:859)
	at org.eclipse.jdt.internal.core.builder.AbstractImageBuilder.acceptResult(AbstractImageBuilder.java:190)
	at org.eclipse.jdt.internal.compiler.Compiler.processCompiledUnits(Compiler.java:589)
	at org.eclipse.jdt.internal.compiler.Compiler.compile(Compiler.java:458)
	at org.eclipse.jdt.internal.core.builder.AbstractImageBuilder.compile(AbstractImageBuilder.java:367)
	at org.eclipse.jdt.internal.core.builder.IncrementalImageBuilder.compile(IncrementalImageBuilder.java:330)
	at org.eclipse.jdt.internal.core.builder.AbstractImageBuilder.compile(AbstractImageBuilder.java:304)
	at org.eclipse.jdt.internal.core.builder.IncrementalImageBuilder.build(IncrementalImageBuilder.java:135)
	at org.eclipse.jdt.internal.core.builder.JavaBuilder.buildDeltas(JavaBuilder.java:267)
	at org.eclipse.jdt.internal.core.builder.JavaBuilder.build(JavaBuilder.java:195)
	at org.eclipse.core.internal.events.BuildManager$2.run(BuildManager.java:734)
	at org.eclipse.core.runtime.SafeRunner.run(SafeRunner.java:42)
	at org.eclipse.core.internal.events.BuildManager.basicBuild(BuildManager.java:205)
	at org.eclipse.core.internal.events.BuildManager.basicBuild(BuildManager.java:245)
	at org.eclipse.core.internal.events.BuildManager$1.run(BuildManager.java:300)
	at org.eclipse.core.runtime.SafeRunner.run(SafeRunner.java:42)
	at org.eclipse.core.internal.events.BuildManager.basicBuild(BuildManager.java:303)
	at org.eclipse.core.internal.events.BuildManager.basicBuildLoop(BuildManager.java:359)
	at org.eclipse.core.internal.events.BuildManager.build(BuildManager.java:382)
	at org.eclipse.core.internal.events.AutoBuildJob.doBuild(AutoBuildJob.java:144)
	at org.eclipse.core.internal.events.AutoBuildJob.run(AutoBuildJob.java:235)
	at org.eclipse.core.internal.jobs.Worker.run(Worker.java:55)

!ENTRY org.eclipse.jdt.core 4 4 2018-06-29 19:47:17.181
!MESSAGE JavaBuilder handling CoreException
!STACK 1
org.eclipse.core.runtime.CoreException: ファイルが見つかりません: C:\Users\testuser\Desktop\workspace\workspace-fujii\test\human\bin\jp\co\internous\action\HumanName.class.
	at org.eclipse.core.internal.filesystem.Policy.error(Policy.java:49)
	at org.eclipse.core.internal.filesystem.local.LocalFile.openInputStream(LocalFile.java:391)
	at org.eclipse.core.internal.localstore.FileSystemResourceManager.read(FileSystemResourceManager.java:834)
	at org.eclipse.core.internal.resources.File.getContents(File.java:269)
	at org.eclipse.jdt.internal.core.util.Util.getResourceContentsAsByteArray(Util.java:1135)
	at org.eclipse.jdt.internal.core.builder.IncrementalImageBuilder.writeClassFileCheck(IncrementalImageBuilder.java:889)
	at org.eclipse.jdt.internal.core.builder.IncrementalImageBuilder.writeClassFileContents(IncrementalImageBuilder.java:831)
	at org.eclipse.jdt.internal.core.builder.AbstractImageBuilder.writeClassFile(AbstractImageBuilder.java:859)
	at org.eclipse.jdt.internal.core.builder.AbstractImageBuilder.acceptResult(AbstractImageBuilder.java:190)
	at org.eclipse.jdt.internal.compiler.Compiler.processCompiledUnits(Compiler.java:589)
	at org.eclipse.jdt.internal.compiler.Compiler.compile(Compiler.java:458)
	at org.eclipse.jdt.internal.core.builder.AbstractImageBuilder.compile(AbstractImageBuilder.java:367)
	at org.eclipse.jdt.internal.core.builder.IncrementalImageBuilder.compile(IncrementalImageBuilder.java:330)
	at org.eclipse.jdt.internal.core.builder.AbstractImageBuilder.compile(AbstractImageBuilder.java:304)
	at org.eclipse.jdt.internal.core.builder.IncrementalImageBuilder.build(IncrementalImageBuilder.java:135)
	at org.eclipse.jdt.internal.core.builder.JavaBuilder.buildDeltas(JavaBuilder.java:267)
	at org.eclipse.jdt.internal.core.builder.JavaBuilder.build(JavaBuilder.java:195)
	at org.eclipse.core.internal.events.BuildManager$2.run(BuildManager.java:734)
	at org.eclipse.core.runtime.SafeRunner.run(SafeRunner.java:42)
	at org.eclipse.core.internal.events.BuildManager.basicBuild(BuildManager.java:205)
	at org.eclipse.core.internal.events.BuildManager.basicBuild(BuildManager.java:245)
	at org.eclipse.core.internal.events.BuildManager$1.run(BuildManager.java:300)
	at org.eclipse.core.runtime.SafeRunner.run(SafeRunner.java:42)
	at org.eclipse.core.internal.events.BuildManager.basicBuild(BuildManager.java:303)
	at org.eclipse.core.internal.events.BuildManager.basicBuildLoop(BuildManager.java:359)
	at org.eclipse.core.internal.events.BuildManager.build(BuildManager.java:382)
	at org.eclipse.core.internal.events.AutoBuildJob.doBuild(AutoBuildJob.java:144)
	at org.eclipse.core.internal.events.AutoBuildJob.run(AutoBuildJob.java:235)
	at org.eclipse.core.internal.jobs.Worker.run(Worker.java:55)
Caused by: java.io.FileNotFoundException: C:\Users\testuser\Desktop\workspace\workspace-fujii\test\human\bin\jp\co\internous\action\HumanName.class (指定されたパスが見つかりません。)
	at java.io.FileInputStream.open0(Native Method)
	at java.io.FileInputStream.open(FileInputStream.java:195)
	at java.io.FileInputStream.<init>(FileInputStream.java:138)
	at org.eclipse.core.internal.filesystem.local.LocalFile.openInputStream(LocalFile.java:382)
	... 27 more
!SUBENTRY 1 org.eclipse.core.filesystem 4 271 2018-06-29 19:47:17.181
!MESSAGE ファイルが見つかりません: C:\Users\testuser\Desktop\workspace\workspace-fujii\test\human\bin\jp\co\internous\action\HumanName.class.
!STACK 0
java.io.FileNotFoundException: C:\Users\testuser\Desktop\workspace\workspace-fujii\test\human\bin\jp\co\internous\action\HumanName.class (指定されたパスが見つかりません。)
	at java.io.FileInputStream.open0(Native Method)
	at java.io.FileInputStream.open(FileInputStream.java:195)
	at java.io.FileInputStream.<init>(FileInputStream.java:138)
	at org.eclipse.core.internal.filesystem.local.LocalFile.openInputStream(LocalFile.java:382)
	at org.eclipse.core.internal.localstore.FileSystemResourceManager.read(FileSystemResourceManager.java:834)
	at org.eclipse.core.internal.resources.File.getContents(File.java:269)
	at org.eclipse.jdt.internal.core.util.Util.getResourceContentsAsByteArray(Util.java:1135)
	at org.eclipse.jdt.internal.core.builder.IncrementalImageBuilder.writeClassFileCheck(IncrementalImageBuilder.java:889)
	at org.eclipse.jdt.internal.core.builder.IncrementalImageBuilder.writeClassFileContents(IncrementalImageBuilder.java:831)
	at org.eclipse.jdt.internal.core.builder.AbstractImageBuilder.writeClassFile(AbstractImageBuilder.java:859)
	at org.eclipse.jdt.internal.core.builder.AbstractImageBuilder.acceptResult(AbstractImageBuilder.java:190)
	at org.eclipse.jdt.internal.compiler.Compiler.processCompiledUnits(Compiler.java:589)
	at org.eclipse.jdt.internal.compiler.Compiler.compile(Compiler.java:458)
	at org.eclipse.jdt.internal.core.builder.AbstractImageBuilder.compile(AbstractImageBuilder.java:367)
	at org.eclipse.jdt.internal.core.builder.IncrementalImageBuilder.compile(IncrementalImageBuilder.java:330)
	at org.eclipse.jdt.internal.core.builder.AbstractImageBuilder.compile(AbstractImageBuilder.java:304)
	at org.eclipse.jdt.internal.core.builder.IncrementalImageBuilder.build(IncrementalImageBuilder.java:135)
	at org.eclipse.jdt.internal.core.builder.JavaBuilder.buildDeltas(JavaBuilder.java:267)
	at org.eclipse.jdt.internal.core.builder.JavaBuilder.build(JavaBuilder.java:195)
	at org.eclipse.core.internal.events.BuildManager$2.run(BuildManager.java:734)
	at org.eclipse.core.runtime.SafeRunner.run(SafeRunner.java:42)
	at org.eclipse.core.internal.events.BuildManager.basicBuild(BuildManager.java:205)
	at org.eclipse.core.internal.events.BuildManager.basicBuild(BuildManager.java:245)
	at org.eclipse.core.internal.events.BuildManager$1.run(BuildManager.java:300)
	at org.eclipse.core.runtime.SafeRunner.run(SafeRunner.java:42)
	at org.eclipse.core.internal.events.BuildManager.basicBuild(BuildManager.java:303)
	at org.eclipse.core.internal.events.BuildManager.basicBuildLoop(BuildManager.java:359)
	at org.eclipse.core.internal.events.BuildManager.build(BuildManager.java:382)
	at org.eclipse.core.internal.events.AutoBuildJob.doBuild(AutoBuildJob.java:144)
	at org.eclipse.core.internal.events.AutoBuildJob.run(AutoBuildJob.java:235)
	at org.eclipse.core.internal.jobs.Worker.run(Worker.java:55)

!ENTRY org.eclipse.jdt.core 4 4 2018-06-29 19:47:17.306
!MESSAGE JavaBuilder handling CoreException
!STACK 1
org.eclipse.core.runtime.CoreException: ファイルが見つかりません: C:\Users\testuser\Desktop\workspace\workspace-fujii\test\sample\bin\jp\co\internous\action\Main.class.
	at org.eclipse.core.internal.filesystem.Policy.error(Policy.java:49)
	at org.eclipse.core.internal.filesystem.local.LocalFile.openInputStream(LocalFile.java:391)
	at org.eclipse.core.internal.localstore.FileSystemResourceManager.read(FileSystemResourceManager.java:834)
	at org.eclipse.core.internal.resources.File.getContents(File.java:269)
	at org.eclipse.jdt.internal.core.util.Util.getResourceContentsAsByteArray(Util.java:1135)
	at org.eclipse.jdt.internal.core.builder.IncrementalImageBuilder.writeClassFileCheck(IncrementalImageBuilder.java:889)
	at org.eclipse.jdt.internal.core.builder.IncrementalImageBuilder.writeClassFileContents(IncrementalImageBuilder.java:831)
	at org.eclipse.jdt.internal.core.builder.AbstractImageBuilder.writeClassFile(AbstractImageBuilder.java:859)
	at org.eclipse.jdt.internal.core.builder.AbstractImageBuilder.acceptResult(AbstractImageBuilder.java:190)
	at org.eclipse.jdt.internal.compiler.Compiler.processCompiledUnits(Compiler.java:589)
	at org.eclipse.jdt.internal.compiler.Compiler.compile(Compiler.java:458)
	at org.eclipse.jdt.internal.core.builder.AbstractImageBuilder.compile(AbstractImageBuilder.java:367)
	at org.eclipse.jdt.internal.core.builder.IncrementalImageBuilder.compile(IncrementalImageBuilder.java:330)
	at org.eclipse.jdt.internal.core.builder.AbstractImageBuilder.compile(AbstractImageBuilder.java:304)
	at org.eclipse.jdt.internal.core.builder.IncrementalImageBuilder.build(IncrementalImageBuilder.java:135)
	at org.eclipse.jdt.internal.core.builder.JavaBuilder.buildDeltas(JavaBuilder.java:267)
	at org.eclipse.jdt.internal.core.builder.JavaBuilder.build(JavaBuilder.java:195)
	at org.eclipse.core.internal.events.BuildManager$2.run(BuildManager.java:734)
	at org.eclipse.core.runtime.SafeRunner.run(SafeRunner.java:42)
	at org.eclipse.core.internal.events.BuildManager.basicBuild(BuildManager.java:205)
	at org.eclipse.core.internal.events.BuildManager.basicBuild(BuildManager.java:245)
	at org.eclipse.core.internal.events.BuildManager$1.run(BuildManager.java:300)
	at org.eclipse.core.runtime.SafeRunner.run(SafeRunner.java:42)
	at org.eclipse.core.internal.events.BuildManager.basicBuild(BuildManager.java:303)
	at org.eclipse.core.internal.events.BuildManager.basicBuildLoop(BuildManager.java:359)
	at org.eclipse.core.internal.events.BuildManager.build(BuildManager.java:382)
	at org.eclipse.core.internal.events.AutoBuildJob.doBuild(AutoBuildJob.java:144)
	at org.eclipse.core.internal.events.AutoBuildJob.run(AutoBuildJob.java:235)
	at org.eclipse.core.internal.jobs.Worker.run(Worker.java:55)
Caused by: java.io.FileNotFoundException: C:\Users\testuser\Desktop\workspace\workspace-fujii\test\sample\bin\jp\co\internous\action\Main.class (指定されたパスが見つかりません。)
	at java.io.FileInputStream.open0(Native Method)
	at java.io.FileInputStream.open(FileInputStream.java:195)
	at java.io.FileInputStream.<init>(FileInputStream.java:138)
	at org.eclipse.core.internal.filesystem.local.LocalFile.openInputStream(LocalFile.java:382)
	... 27 more
!SUBENTRY 1 org.eclipse.core.filesystem 4 271 2018-06-29 19:47:17.306
!MESSAGE ファイルが見つかりません: C:\Users\testuser\Desktop\workspace\workspace-fujii\test\sample\bin\jp\co\internous\action\Main.class.
!STACK 0
java.io.FileNotFoundException: C:\Users\testuser\Desktop\workspace\workspace-fujii\test\sample\bin\jp\co\internous\action\Main.class (指定されたパスが見つかりません。)
	at java.io.FileInputStream.open0(Native Method)
	at java.io.FileInputStream.open(FileInputStream.java:195)
	at java.io.FileInputStream.<init>(FileInputStream.java:138)
	at org.eclipse.core.internal.filesystem.local.LocalFile.openInputStream(LocalFile.java:382)
	at org.eclipse.core.internal.localstore.FileSystemResourceManager.read(FileSystemResourceManager.java:834)
	at org.eclipse.core.internal.resources.File.getContents(File.java:269)
	at org.eclipse.jdt.internal.core.util.Util.getResourceContentsAsByteArray(Util.java:1135)
	at org.eclipse.jdt.internal.core.builder.IncrementalImageBuilder.writeClassFileCheck(IncrementalImageBuilder.java:889)
	at org.eclipse.jdt.internal.core.builder.IncrementalImageBuilder.writeClassFileContents(IncrementalImageBuilder.java:831)
	at org.eclipse.jdt.internal.core.builder.AbstractImageBuilder.writeClassFile(AbstractImageBuilder.java:859)
	at org.eclipse.jdt.internal.core.builder.AbstractImageBuilder.acceptResult(AbstractImageBuilder.java:190)
	at org.eclipse.jdt.internal.compiler.Compiler.processCompiledUnits(Compiler.java:589)
	at org.eclipse.jdt.internal.compiler.Compiler.compile(Compiler.java:458)
	at org.eclipse.jdt.internal.core.builder.AbstractImageBuilder.compile(AbstractImageBuilder.java:367)
	at org.eclipse.jdt.internal.core.builder.IncrementalImageBuilder.compile(IncrementalImageBuilder.java:330)
	at org.eclipse.jdt.internal.core.builder.AbstractImageBuilder.compile(AbstractImageBuilder.java:304)
	at org.eclipse.jdt.internal.core.builder.IncrementalImageBuilder.build(IncrementalImageBuilder.java:135)
	at org.eclipse.jdt.internal.core.builder.JavaBuilder.buildDeltas(JavaBuilder.java:267)
	at org.eclipse.jdt.internal.core.builder.JavaBuilder.build(JavaBuilder.java:195)
	at org.eclipse.core.internal.events.BuildManager$2.run(BuildManager.java:734)
	at org.eclipse.core.runtime.SafeRunner.run(SafeRunner.java:42)
	at org.eclipse.core.internal.events.BuildManager.basicBuild(BuildManager.java:205)
	at org.eclipse.core.internal.events.BuildManager.basicBuild(BuildManager.java:245)
	at org.eclipse.core.internal.events.BuildManager$1.run(BuildManager.java:300)
	at org.eclipse.core.runtime.SafeRunner.run(SafeRunner.java:42)
	at org.eclipse.core.internal.events.BuildManager.basicBuild(BuildManager.java:303)
	at org.eclipse.core.internal.events.BuildManager.basicBuildLoop(BuildManager.java:359)
	at org.eclipse.core.internal.events.BuildManager.build(BuildManager.java:382)
	at org.eclipse.core.internal.events.AutoBuildJob.doBuild(AutoBuildJob.java:144)
	at org.eclipse.core.internal.events.AutoBuildJob.run(AutoBuildJob.java:235)
	at org.eclipse.core.internal.jobs.Worker.run(Worker.java:55)

!ENTRY org.eclipse.ui 4 0 2018-06-29 19:47:18.674
!MESSAGE 未処理のイベント・ループ例外
!STACK 0
org.eclipse.swt.SWTException: Failed to execute runnable (java.lang.NoSuchMethodError: org.eclipse.ui.internal.registry.FileEditorMapping.setDefaultEditor(Lorg/eclipse/ui/internal/registry/EditorDescriptor;)V)
	at org.eclipse.swt.SWT.error(SWT.java:4491)
	at org.eclipse.swt.SWT.error(SWT.java:4406)
	at org.eclipse.swt.widgets.Synchronizer.runAsyncMessages(Synchronizer.java:138)
	at org.eclipse.swt.widgets.Display.runAsyncMessages(Display.java:4155)
	at org.eclipse.swt.widgets.Display.readAndDispatch(Display.java:3772)
	at org.eclipse.e4.ui.internal.workbench.swt.PartRenderingEngine$4.run(PartRenderingEngine.java:1127)
	at org.eclipse.core.databinding.observable.Realm.runWithDefault(Realm.java:337)
	at org.eclipse.e4.ui.internal.workbench.swt.PartRenderingEngine.run(PartRenderingEngine.java:1018)
	at org.eclipse.e4.ui.internal.workbench.E4Workbench.createAndRunUI(E4Workbench.java:156)
	at org.eclipse.ui.internal.Workbench$5.run(Workbench.java:694)
	at org.eclipse.core.databinding.observable.Realm.runWithDefault(Realm.java:337)
	at org.eclipse.ui.internal.Workbench.createAndRunWorkbench(Workbench.java:606)
	at org.eclipse.ui.PlatformUI.createAndRunWorkbench(PlatformUI.java:150)
	at org.eclipse.ui.internal.ide.application.IDEApplication.start(IDEApplication.java:139)
	at org.eclipse.equinox.internal.app.EclipseAppHandle.run(EclipseAppHandle.java:196)
	at org.eclipse.core.runtime.internal.adaptor.EclipseAppLauncher.runApplication(EclipseAppLauncher.java:134)
	at org.eclipse.core.runtime.internal.adaptor.EclipseAppLauncher.start(EclipseAppLauncher.java:104)
	at org.eclipse.core.runtime.adaptor.EclipseStarter.run(EclipseStarter.java:380)
	at org.eclipse.core.runtime.adaptor.EclipseStarter.run(EclipseStarter.java:235)
	at sun.reflect.NativeMethodAccessorImpl.invoke0(Native Method)
	at sun.reflect.NativeMethodAccessorImpl.invoke(NativeMethodAccessorImpl.java:62)
	at sun.reflect.DelegatingMethodAccessorImpl.invoke(DelegatingMethodAccessorImpl.java:43)
	at java.lang.reflect.Method.invoke(Method.java:498)
	at org.eclipse.equinox.launcher.Main.invokeFramework(Main.java:669)
	at org.eclipse.equinox.launcher.Main.basicRun(Main.java:608)
	at org.eclipse.equinox.launcher.Main.run(Main.java:1515)
Caused by: java.lang.NoSuchMethodError: org.eclipse.ui.internal.registry.FileEditorMapping.setDefaultEditor(Lorg/eclipse/ui/internal/registry/EditorDescriptor;)V
	at org.sf.feeling.decompiler.Startup$SetupClassFileAssociationRunnable.run(Startup.java:81)
	at org.eclipse.ui.internal.UILockListener.doPendingWork(UILockListener.java:162)
	at org.eclipse.ui.internal.UISynchronizer$3.run(UISynchronizer.java:154)
	at org.eclipse.swt.widgets.RunnableLock.run(RunnableLock.java:35)
	at org.eclipse.swt.widgets.Synchronizer.runAsyncMessages(Synchronizer.java:135)
	... 23 more

!ENTRY org.eclipse.core.resources 4 568 2018-06-29 19:47:55.971
!MESSAGE '/RemoteSystemsTempFiles' のメタデータを書き込みできませんでした。
!STACK 0
java.io.FileNotFoundException: C:\Users\testuser\Desktop\workspace\workspace-fujii\test\.metadata\.plugins\org.eclipse.core.resources\.projects\RemoteSystemsTempFiles\.markers.snap (指定されたパスが見つかりません。)
	at java.io.FileOutputStream.open0(Native Method)
	at java.io.FileOutputStream.open(FileOutputStream.java:270)
	at java.io.FileOutputStream.<init>(FileOutputStream.java:213)
	at java.io.FileOutputStream.<init>(FileOutputStream.java:133)
	at org.eclipse.core.internal.localstore.SafeChunkyOutputStream.<init>(SafeChunkyOutputStream.java:45)
	at org.eclipse.core.internal.localstore.SafeChunkyOutputStream.<init>(SafeChunkyOutputStream.java:41)
	at org.eclipse.core.internal.resources.SaveManager.visitAndSnap(SaveManager.java:1769)
	at org.eclipse.core.internal.resources.SaveManager.visitAndSnap(SaveManager.java:1853)
	at org.eclipse.core.internal.resources.SaveManager.save(SaveManager.java:1222)
	at org.eclipse.core.internal.resources.SaveManager.save(SaveManager.java:1163)
	at org.eclipse.core.internal.resources.DelayedSnapshotJob.run(DelayedSnapshotJob.java:52)
	at org.eclipse.core.internal.jobs.Worker.run(Worker.java:55)

!ENTRY org.eclipse.core.resources 4 568 2018-06-29 19:52:56.106
!MESSAGE '/RemoteSystemsTempFiles' のメタデータを書き込みできませんでした。
!STACK 0
java.io.FileNotFoundException: C:\Users\testuser\Desktop\workspace\workspace-fujii\test\.metadata\.plugins\org.eclipse.core.resources\.projects\RemoteSystemsTempFiles\.markers.snap (指定されたパスが見つかりません。)
	at java.io.FileOutputStream.open0(Native Method)
	at java.io.FileOutputStream.open(FileOutputStream.java:270)
	at java.io.FileOutputStream.<init>(FileOutputStream.java:213)
	at java.io.FileOutputStream.<init>(FileOutputStream.java:133)
	at org.eclipse.core.internal.localstore.SafeChunkyOutputStream.<init>(SafeChunkyOutputStream.java:45)
	at org.eclipse.core.internal.localstore.SafeChunkyOutputStream.<init>(SafeChunkyOutputStream.java:41)
	at org.eclipse.core.internal.resources.SaveManager.visitAndSnap(SaveManager.java:1769)
	at org.eclipse.core.internal.resources.SaveManager.visitAndSnap(SaveManager.java:1853)
	at org.eclipse.core.internal.resources.SaveManager.save(SaveManager.java:1222)
	at org.eclipse.core.internal.resources.SaveManager.save(SaveManager.java:1163)
	at org.eclipse.core.internal.resources.DelayedSnapshotJob.run(DelayedSnapshotJob.java:52)
	at org.eclipse.core.internal.jobs.Worker.run(Worker.java:55)

!ENTRY org.eclipse.core.resources 4 568 2018-06-29 19:58:04.954
!MESSAGE '/RemoteSystemsTempFiles' のメタデータを書き込みできませんでした。
!STACK 0
java.io.FileNotFoundException: C:\Users\testuser\Desktop\workspace\workspace-fujii\test\.metadata\.plugins\org.eclipse.core.resources\.projects\RemoteSystemsTempFiles\.markers.snap (指定されたパスが見つかりません。)
	at java.io.FileOutputStream.open0(Native Method)
	at java.io.FileOutputStream.open(FileOutputStream.java:270)
	at java.io.FileOutputStream.<init>(FileOutputStream.java:213)
	at java.io.FileOutputStream.<init>(FileOutputStream.java:133)
	at org.eclipse.core.internal.localstore.SafeChunkyOutputStream.<init>(SafeChunkyOutputStream.java:45)
	at org.eclipse.core.internal.localstore.SafeChunkyOutputStream.<init>(SafeChunkyOutputStream.java:41)
	at org.eclipse.core.internal.resources.SaveManager.visitAndSnap(SaveManager.java:1769)
	at org.eclipse.core.internal.resources.SaveManager.visitAndSnap(SaveManager.java:1853)
	at org.eclipse.core.internal.resources.SaveManager.save(SaveManager.java:1222)
	at org.eclipse.core.internal.resources.SaveManager.save(SaveManager.java:1163)
	at org.eclipse.core.internal.resources.DelayedSnapshotJob.run(DelayedSnapshotJob.java:52)
	at org.eclipse.core.internal.jobs.Worker.run(Worker.java:55)

!ENTRY org.eclipse.core.resources 4 568 2018-06-29 20:09:38.144
!MESSAGE '/RemoteSystemsTempFiles' のメタデータを書き込みできませんでした。
!STACK 0
java.io.FileNotFoundException: C:\Users\testuser\Desktop\workspace\workspace-fujii\test\.metadata\.plugins\org.eclipse.core.resources\.projects\RemoteSystemsTempFiles\.markers.snap (指定されたパスが見つかりません。)
	at java.io.FileOutputStream.open0(Native Method)
	at java.io.FileOutputStream.open(FileOutputStream.java:270)
	at java.io.FileOutputStream.<init>(FileOutputStream.java:213)
	at java.io.FileOutputStream.<init>(FileOutputStream.java:133)
	at org.eclipse.core.internal.localstore.SafeChunkyOutputStream.<init>(SafeChunkyOutputStream.java:45)
	at org.eclipse.core.internal.localstore.SafeChunkyOutputStream.<init>(SafeChunkyOutputStream.java:41)
	at org.eclipse.core.internal.resources.SaveManager.visitAndSnap(SaveManager.java:1769)
	at org.eclipse.core.internal.resources.SaveManager.visitAndSnap(SaveManager.java:1853)
	at org.eclipse.core.internal.resources.SaveManager.save(SaveManager.java:1222)
	at org.eclipse.core.internal.resources.SaveManager.save(SaveManager.java:1163)
	at org.eclipse.core.internal.resources.DelayedSnapshotJob.run(DelayedSnapshotJob.java:52)
	at org.eclipse.core.internal.jobs.Worker.run(Worker.java:55)

!ENTRY org.eclipse.core.resources 4 568 2018-06-29 20:25:08.459
!MESSAGE '/RemoteSystemsTempFiles' のメタデータを書き込みできませんでした。
!STACK 0
java.io.FileNotFoundException: C:\Users\testuser\Desktop\workspace\workspace-fujii\test\.metadata\.plugins\org.eclipse.core.resources\.projects\RemoteSystemsTempFiles\.markers.snap (指定されたパスが見つかりません。)
	at java.io.FileOutputStream.open0(Native Method)
	at java.io.FileOutputStream.open(FileOutputStream.java:270)
	at java.io.FileOutputStream.<init>(FileOutputStream.java:213)
	at java.io.FileOutputStream.<init>(FileOutputStream.java:133)
	at org.eclipse.core.internal.localstore.SafeChunkyOutputStream.<init>(SafeChunkyOutputStream.java:45)
	at org.eclipse.core.internal.localstore.SafeChunkyOutputStream.<init>(SafeChunkyOutputStream.java:41)
	at org.eclipse.core.internal.resources.SaveManager.visitAndSnap(SaveManager.java:1769)
	at org.eclipse.core.internal.resources.SaveManager.visitAndSnap(SaveManager.java:1853)
	at org.eclipse.core.internal.resources.SaveManager.save(SaveManager.java:1222)
	at org.eclipse.core.internal.resources.SaveManager.save(SaveManager.java:1163)
	at org.eclipse.core.internal.resources.DelayedSnapshotJob.run(DelayedSnapshotJob.java:52)
	at org.eclipse.core.internal.jobs.Worker.run(Worker.java:55)

!ENTRY org.eclipse.core.resources 4 568 2018-06-29 20:33:14.679
!MESSAGE '/RemoteSystemsTempFiles' のメタデータを書き込みできませんでした。
!STACK 0
java.io.FileNotFoundException: C:\Users\testuser\Desktop\workspace\workspace-fujii\test\.metadata\.plugins\org.eclipse.core.resources\.projects\RemoteSystemsTempFiles\.markers.snap (指定されたパスが見つかりません。)
	at java.io.FileOutputStream.open0(Native Method)
	at java.io.FileOutputStream.open(FileOutputStream.java:270)
	at java.io.FileOutputStream.<init>(FileOutputStream.java:213)
	at java.io.FileOutputStream.<init>(FileOutputStream.java:133)
	at org.eclipse.core.internal.localstore.SafeChunkyOutputStream.<init>(SafeChunkyOutputStream.java:45)
	at org.eclipse.core.internal.localstore.SafeChunkyOutputStream.<init>(SafeChunkyOutputStream.java:41)
	at org.eclipse.core.internal.resources.SaveManager.visitAndSnap(SaveManager.java:1769)
	at org.eclipse.core.internal.resources.SaveManager.visitAndSnap(SaveManager.java:1853)
	at org.eclipse.core.internal.resources.SaveManager.save(SaveManager.java:1222)
	at org.eclipse.core.internal.resources.SaveManager.save(SaveManager.java:1163)
	at org.eclipse.core.internal.resources.DelayedSnapshotJob.run(DelayedSnapshotJob.java:52)
	at org.eclipse.core.internal.jobs.Worker.run(Worker.java:55)

!ENTRY org.eclipse.core.resources 4 568 2018-06-29 20:41:19.623
!MESSAGE '/RemoteSystemsTempFiles' のメタデータを書き込みできませんでした。
!STACK 0
java.io.FileNotFoundException: C:\Users\testuser\Desktop\workspace\workspace-fujii\test\.metadata\.plugins\org.eclipse.core.resources\.projects\RemoteSystemsTempFiles\.markers.snap (指定されたパスが見つかりません。)
	at java.io.FileOutputStream.open0(Native Method)
	at java.io.FileOutputStream.open(FileOutputStream.java:270)
	at java.io.FileOutputStream.<init>(FileOutputStream.java:213)
	at java.io.FileOutputStream.<init>(FileOutputStream.java:133)
	at org.eclipse.core.internal.localstore.SafeChunkyOutputStream.<init>(SafeChunkyOutputStream.java:45)
	at org.eclipse.core.internal.localstore.SafeChunkyOutputStream.<init>(SafeChunkyOutputStream.java:41)
	at org.eclipse.core.internal.resources.SaveManager.visitAndSnap(SaveManager.java:1769)
	at org.eclipse.core.internal.resources.SaveManager.visitAndSnap(SaveManager.java:1853)
	at org.eclipse.core.internal.resources.SaveManager.save(SaveManager.java:1222)
	at org.eclipse.core.internal.resources.SaveManager.save(SaveManager.java:1163)
	at org.eclipse.core.internal.resources.DelayedSnapshotJob.run(DelayedSnapshotJob.java:52)
	at org.eclipse.core.internal.jobs.Worker.run(Worker.java:55)

!ENTRY org.eclipse.core.resources 4 568 2018-06-29 20:46:37.380
!MESSAGE '/RemoteSystemsTempFiles' のメタデータを書き込みできませんでした。
!STACK 0
java.io.FileNotFoundException: C:\Users\testuser\Desktop\workspace\workspace-fujii\test\.metadata\.plugins\org.eclipse.core.resources\.projects\RemoteSystemsTempFiles\.markers.snap (指定されたパスが見つかりません。)
	at java.io.FileOutputStream.open0(Native Method)
	at java.io.FileOutputStream.open(FileOutputStream.java:270)
	at java.io.FileOutputStream.<init>(FileOutputStream.java:213)
	at java.io.FileOutputStream.<init>(FileOutputStream.java:133)
	at org.eclipse.core.internal.localstore.SafeChunkyOutputStream.<init>(SafeChunkyOutputStream.java:45)
	at org.eclipse.core.internal.localstore.SafeChunkyOutputStream.<init>(SafeChunkyOutputStream.java:41)
	at org.eclipse.core.internal.resources.SaveManager.visitAndSnap(SaveManager.java:1769)
	at org.eclipse.core.internal.resources.SaveManager.visitAndSnap(SaveManager.java:1853)
	at org.eclipse.core.internal.resources.SaveManager.save(SaveManager.java:1222)
	at org.eclipse.core.internal.resources.SaveManager.save(SaveManager.java:1163)
	at org.eclipse.core.internal.resources.DelayedSnapshotJob.run(DelayedSnapshotJob.java:52)
	at org.eclipse.core.internal.jobs.Worker.run(Worker.java:55)

!ENTRY org.eclipse.core.resources 4 568 2018-06-29 20:53:00.136
!MESSAGE '/RemoteSystemsTempFiles' のメタデータを書き込みできませんでした。
!STACK 0
java.io.FileNotFoundException: C:\Users\testuser\Desktop\workspace\workspace-fujii\test\.metadata\.plugins\org.eclipse.core.resources\.projects\RemoteSystemsTempFiles\.markers.snap (指定されたパスが見つかりません。)
	at java.io.FileOutputStream.open0(Native Method)
	at java.io.FileOutputStream.open(FileOutputStream.java:270)
	at java.io.FileOutputStream.<init>(FileOutputStream.java:213)
	at java.io.FileOutputStream.<init>(FileOutputStream.java:133)
	at org.eclipse.core.internal.localstore.SafeChunkyOutputStream.<init>(SafeChunkyOutputStream.java:45)
	at org.eclipse.core.internal.localstore.SafeChunkyOutputStream.<init>(SafeChunkyOutputStream.java:41)
	at org.eclipse.core.internal.resources.SaveManager.visitAndSnap(SaveManager.java:1769)
	at org.eclipse.core.internal.resources.SaveManager.visitAndSnap(SaveManager.java:1853)
	at org.eclipse.core.internal.resources.SaveManager.save(SaveManager.java:1222)
	at org.eclipse.core.internal.resources.SaveManager.save(SaveManager.java:1163)
	at org.eclipse.core.internal.resources.DelayedSnapshotJob.run(DelayedSnapshotJob.java:52)
	at org.eclipse.core.internal.jobs.Worker.run(Worker.java:55)

!ENTRY org.eclipse.core.resources 4 568 2018-06-29 20:58:34.206
!MESSAGE '/RemoteSystemsTempFiles' のメタデータを書き込みできませんでした。
!STACK 0
java.io.FileNotFoundException: C:\Users\testuser\Desktop\workspace\workspace-fujii\test\.metadata\.plugins\org.eclipse.core.resources\.projects\RemoteSystemsTempFiles\.markers.snap (指定されたパスが見つかりません。)
	at java.io.FileOutputStream.open0(Native Method)
	at java.io.FileOutputStream.open(FileOutputStream.java:270)
	at java.io.FileOutputStream.<init>(FileOutputStream.java:213)
	at java.io.FileOutputStream.<init>(FileOutputStream.java:133)
	at org.eclipse.core.internal.localstore.SafeChunkyOutputStream.<init>(SafeChunkyOutputStream.java:45)
	at org.eclipse.core.internal.localstore.SafeChunkyOutputStream.<init>(SafeChunkyOutputStream.java:41)
	at org.eclipse.core.internal.resources.SaveManager.visitAndSnap(SaveManager.java:1769)
	at org.eclipse.core.internal.resources.SaveManager.visitAndSnap(SaveManager.java:1853)
	at org.eclipse.core.internal.resources.SaveManager.save(SaveManager.java:1222)
	at org.eclipse.core.internal.resources.SaveManager.save(SaveManager.java:1163)
	at org.eclipse.core.internal.resources.DelayedSnapshotJob.run(DelayedSnapshotJob.java:52)
	at org.eclipse.core.internal.jobs.Worker.run(Worker.java:55)

!ENTRY org.eclipse.core.resources 4 568 2018-06-29 21:04:54.667
!MESSAGE '/RemoteSystemsTempFiles' のメタデータを書き込みできませんでした。
!STACK 0
java.io.FileNotFoundException: C:\Users\testuser\Desktop\workspace\workspace-fujii\test\.metadata\.plugins\org.eclipse.core.resources\.projects\RemoteSystemsTempFiles\.markers.snap (指定されたパスが見つかりません。)
	at java.io.FileOutputStream.open0(Native Method)
	at java.io.FileOutputStream.open(FileOutputStream.java:270)
	at java.io.FileOutputStream.<init>(FileOutputStream.java:213)
	at java.io.FileOutputStream.<init>(FileOutputStream.java:133)
	at org.eclipse.core.internal.localstore.SafeChunkyOutputStream.<init>(SafeChunkyOutputStream.java:45)
	at org.eclipse.core.internal.localstore.SafeChunkyOutputStream.<init>(SafeChunkyOutputStream.java:41)
	at org.eclipse.core.internal.resources.SaveManager.visitAndSnap(SaveManager.java:1769)
	at org.eclipse.core.internal.resources.SaveManager.visitAndSnap(SaveManager.java:1853)
	at org.eclipse.core.internal.resources.SaveManager.save(SaveManager.java:1222)
	at org.eclipse.core.internal.resources.SaveManager.save(SaveManager.java:1163)
	at org.eclipse.core.internal.resources.DelayedSnapshotJob.run(DelayedSnapshotJob.java:52)
	at org.eclipse.core.internal.jobs.Worker.run(Worker.java:55)

!ENTRY org.eclipse.core.resources 4 568 2018-06-29 21:14:24.128
!MESSAGE '/RemoteSystemsTempFiles' のメタデータを書き込みできませんでした。
!STACK 0
java.io.FileNotFoundException: C:\Users\testuser\Desktop\workspace\workspace-fujii\test\.metadata\.plugins\org.eclipse.core.resources\.projects\RemoteSystemsTempFiles\.markers.snap (指定されたパスが見つかりません。)
	at java.io.FileOutputStream.open0(Native Method)
	at java.io.FileOutputStream.open(FileOutputStream.java:270)
	at java.io.FileOutputStream.<init>(FileOutputStream.java:213)
	at java.io.FileOutputStream.<init>(FileOutputStream.java:133)
	at org.eclipse.core.internal.localstore.SafeChunkyOutputStream.<init>(SafeChunkyOutputStream.java:45)
	at org.eclipse.core.internal.localstore.SafeChunkyOutputStream.<init>(SafeChunkyOutputStream.java:41)
	at org.eclipse.core.internal.resources.SaveManager.visitAndSnap(SaveManager.java:1769)
	at org.eclipse.core.internal.resources.SaveManager.visitAndSnap(SaveManager.java:1853)
	at org.eclipse.core.internal.resources.SaveManager.save(SaveManager.java:1222)
	at org.eclipse.core.internal.resources.SaveManager.save(SaveManager.java:1163)
	at org.eclipse.core.internal.resources.DelayedSnapshotJob.run(DelayedSnapshotJob.java:52)
	at org.eclipse.core.internal.jobs.Worker.run(Worker.java:55)

!ENTRY org.eclipse.core.resources 4 568 2018-06-29 21:19:24.306
!MESSAGE '/RemoteSystemsTempFiles' のメタデータを書き込みできませんでした。
!STACK 0
java.io.FileNotFoundException: C:\Users\testuser\Desktop\workspace\workspace-fujii\test\.metadata\.plugins\org.eclipse.core.resources\.projects\RemoteSystemsTempFiles\.markers.snap (指定されたパスが見つかりません。)
	at java.io.FileOutputStream.open0(Native Method)
	at java.io.FileOutputStream.open(FileOutputStream.java:270)
	at java.io.FileOutputStream.<init>(FileOutputStream.java:213)
	at java.io.FileOutputStream.<init>(FileOutputStream.java:133)
	at org.eclipse.core.internal.localstore.SafeChunkyOutputStream.<init>(SafeChunkyOutputStream.java:45)
	at org.eclipse.core.internal.localstore.SafeChunkyOutputStream.<init>(SafeChunkyOutputStream.java:41)
	at org.eclipse.core.internal.resources.SaveManager.visitAndSnap(SaveManager.java:1769)
	at org.eclipse.core.internal.resources.SaveManager.visitAndSnap(SaveManager.java:1853)
	at org.eclipse.core.internal.resources.SaveManager.save(SaveManager.java:1222)
	at org.eclipse.core.internal.resources.SaveManager.save(SaveManager.java:1163)
	at org.eclipse.core.internal.resources.DelayedSnapshotJob.run(DelayedSnapshotJob.java:52)
	at org.eclipse.core.internal.jobs.Worker.run(Worker.java:55)

!ENTRY org.eclipse.core.resources 4 568 2018-06-29 21:24:55.677
!MESSAGE '/RemoteSystemsTempFiles' のメタデータを書き込みできませんでした。
!STACK 0
java.io.FileNotFoundException: C:\Users\testuser\Desktop\workspace\workspace-fujii\test\.metadata\.plugins\org.eclipse.core.resources\.projects\RemoteSystemsTempFiles\.markers.snap (指定されたパスが見つかりません。)
	at java.io.FileOutputStream.open0(Native Method)
	at java.io.FileOutputStream.open(FileOutputStream.java:270)
	at java.io.FileOutputStream.<init>(FileOutputStream.java:213)
	at java.io.FileOutputStream.<init>(FileOutputStream.java:133)
	at org.eclipse.core.internal.localstore.SafeChunkyOutputStream.<init>(SafeChunkyOutputStream.java:45)
	at org.eclipse.core.internal.localstore.SafeChunkyOutputStream.<init>(SafeChunkyOutputStream.java:41)
	at org.eclipse.core.internal.resources.SaveManager.visitAndSnap(SaveManager.java:1769)
	at org.eclipse.core.internal.resources.SaveManager.visitAndSnap(SaveManager.java:1853)
	at org.eclipse.core.internal.resources.SaveManager.save(SaveManager.java:1222)
	at org.eclipse.core.internal.resources.SaveManager.save(SaveManager.java:1163)
	at org.eclipse.core.internal.resources.DelayedSnapshotJob.run(DelayedSnapshotJob.java:52)
	at org.eclipse.core.internal.jobs.Worker.run(Worker.java:55)

!ENTRY org.eclipse.core.resources 4 568 2018-06-29 21:32:41.358
!MESSAGE '/RemoteSystemsTempFiles' のメタデータを書き込みできませんでした。
!STACK 0
java.io.FileNotFoundException: C:\Users\testuser\Desktop\workspace\workspace-fujii\test\.metadata\.plugins\org.eclipse.core.resources\.projects\RemoteSystemsTempFiles\.markers.snap (指定されたパスが見つかりません。)
	at java.io.FileOutputStream.open0(Native Method)
	at java.io.FileOutputStream.open(FileOutputStream.java:270)
	at java.io.FileOutputStream.<init>(FileOutputStream.java:213)
	at java.io.FileOutputStream.<init>(FileOutputStream.java:133)
	at org.eclipse.core.internal.localstore.SafeChunkyOutputStream.<init>(SafeChunkyOutputStream.java:45)
	at org.eclipse.core.internal.localstore.SafeChunkyOutputStream.<init>(SafeChunkyOutputStream.java:41)
	at org.eclipse.core.internal.resources.SaveManager.visitAndSnap(SaveManager.java:1769)
	at org.eclipse.core.internal.resources.SaveManager.visitAndSnap(SaveManager.java:1853)
	at org.eclipse.core.internal.resources.SaveManager.save(SaveManager.java:1222)
	at org.eclipse.core.internal.resources.SaveManager.save(SaveManager.java:1163)
	at org.eclipse.core.internal.resources.DelayedSnapshotJob.run(DelayedSnapshotJob.java:52)
	at org.eclipse.core.internal.jobs.Worker.run(Worker.java:55)
